{
  "stats": {
    "suites": 12,
    "tests": 41,
    "passes": 21,
    "pending": 0,
    "failures": 20,
    "start": "2021-09-10T22:20:30.503Z",
    "end": "2021-09-10T22:22:08.800Z",
    "duration": 98297,
    "testsRegistered": 41,
    "passPercent": 51.21951219512195,
    "pendingPercent": 0,
    "other": 0,
    "hasOther": false,
    "skipped": 0,
    "hasSkipped": false
  },
  "results": [
    {
      "uuid": "1a2fcb40-181d-4b4a-b51d-c9835d80b045",
      "title": "",
      "fullFile": "cypress/integration/project.spec.js",
      "file": "cypress/integration/project.spec.js",
      "beforeHooks": [],
      "afterHooks": [],
      "tests": [],
      "suites": [
        {
          "uuid": "c368978d-df52-406b-8c9d-671bc20dad47",
          "title": "1 - Adicione à página o título \"Paleta de Cores\".",
          "fullFile": "",
          "file": "",
          "beforeHooks": [],
          "afterHooks": [],
          "tests": [
            {
              "title": "Verifica se contém um elemento `h1` com o id `title` com o título correto",
              "fullTitle": "1 - Adicione à página o título \"Paleta de Cores\". Verifica se contém um elemento `h1` com o id `title` com o título correto",
              "timedOut": null,
              "duration": 302,
              "state": "passed",
              "speed": "slow",
              "pass": true,
              "fail": false,
              "pending": false,
              "context": null,
              "code": "cy.get('h1#title').should('contain.text', 'Paleta de Cores');",
              "err": {},
              "uuid": "103b595e-e0b6-4ada-bced-ab8731c2966a",
              "parentUUID": "c368978d-df52-406b-8c9d-671bc20dad47",
              "isHook": false,
              "skipped": false
            }
          ],
          "suites": [],
          "passes": [
            "103b595e-e0b6-4ada-bced-ab8731c2966a"
          ],
          "failures": [],
          "pending": [],
          "skipped": [],
          "duration": 302,
          "root": false,
          "rootEmpty": false,
          "_timeout": 2000
        },
        {
          "uuid": "a52c52e3-05de-4b72-91bd-f9663d2cb1a3",
          "title": "2 - Adicione à página uma paleta de quatro cores distintas.",
          "fullFile": "",
          "file": "",
          "beforeHooks": [],
          "afterHooks": [],
          "tests": [
            {
              "title": "A paleta de cores deve ser um elemento com `id` denominado `color-palette`",
              "fullTitle": "2 - Adicione à página uma paleta de quatro cores distintas. A paleta de cores deve ser um elemento com `id` denominado `color-palette`",
              "timedOut": null,
              "duration": 148,
              "state": "passed",
              "speed": "slow",
              "pass": true,
              "fail": false,
              "pending": false,
              "context": null,
              "code": "cy.get('#color-palette').should('be.visible');\ncy.get('#color-palette').children('.color');",
              "err": {},
              "uuid": "f31a6df8-899c-4792-83d2-a7aec742eead",
              "parentUUID": "a52c52e3-05de-4b72-91bd-f9663d2cb1a3",
              "isHook": false,
              "skipped": false
            },
            {
              "title": "Verifica se cada cor individual da paleta de cores possui a `classe` chamada `color`.",
              "fullTitle": "2 - Adicione à página uma paleta de quatro cores distintas. Verifica se cada cor individual da paleta de cores possui a `classe` chamada `color`.",
              "timedOut": null,
              "duration": 217,
              "state": "passed",
              "speed": "slow",
              "pass": true,
              "fail": false,
              "pending": false,
              "context": null,
              "code": "cy.get('.color').should('have.length', 4).then(function (colors) {\n  for (var i = 0; i < colors.length; i++) {\n    cy.wrap(colors[i]).should('be.visible');\n  }\n});",
              "err": {},
              "uuid": "ac54c10c-638f-4e58-a207-22ce7c6ed057",
              "parentUUID": "a52c52e3-05de-4b72-91bd-f9663d2cb1a3",
              "isHook": false,
              "skipped": false
            },
            {
              "title": "Verifica se a cor de fundo de cada elemento da paleta é a cor que o elemento representa. **A única cor não permitida na paleta é a cor branca.**",
              "fullTitle": "2 - Adicione à página uma paleta de quatro cores distintas. Verifica se a cor de fundo de cada elemento da paleta é a cor que o elemento representa. **A única cor não permitida na paleta é a cor branca.**",
              "timedOut": null,
              "duration": 290,
              "state": "passed",
              "speed": "slow",
              "pass": true,
              "fail": false,
              "pending": false,
              "context": null,
              "code": "cy.get('.color').each(function (color) {\n  cy.wrap(color).should('have.class', 'color').and('not.have.css', 'background-color', WHITE);\n  cy.wrap(color).should('have.css', 'background-color');\n});",
              "err": {},
              "uuid": "bda5cb0a-5e4f-4cb4-a5d2-d1bb615b43bf",
              "parentUUID": "a52c52e3-05de-4b72-91bd-f9663d2cb1a3",
              "isHook": false,
              "skipped": false
            },
            {
              "title": "Verifica se cada elemento da paleta de cores tem uma borda preta, sólida e com 1 pixel de largura;",
              "fullTitle": "2 - Adicione à página uma paleta de quatro cores distintas. Verifica se cada elemento da paleta de cores tem uma borda preta, sólida e com 1 pixel de largura;",
              "timedOut": null,
              "duration": 149,
              "state": "passed",
              "speed": "slow",
              "pass": true,
              "fail": false,
              "pending": false,
              "context": null,
              "code": "cy.get('.color').each(function (color) {\n  cy.wrap(color).and('have.css', 'border', \"1px solid \".concat(BLACK)).and('have.class', 'color');\n});",
              "err": {},
              "uuid": "97cda06b-d028-4ff4-acb9-ecaa0d0d78dd",
              "parentUUID": "a52c52e3-05de-4b72-91bd-f9663d2cb1a3",
              "isHook": false,
              "skipped": false
            },
            {
              "title": "Verifica se a paleta lista todas as cores disponíveis para utilização, lado a lado.",
              "fullTitle": "2 - Adicione à página uma paleta de quatro cores distintas. Verifica se a paleta lista todas as cores disponíveis para utilização, lado a lado.",
              "timedOut": null,
              "duration": 199,
              "state": "passed",
              "speed": "slow",
              "pass": true,
              "fail": false,
              "pending": false,
              "context": null,
              "code": "cy.get('.color').then(function (colors) {\n  for (var index = 1; index < colors.length; index += 1) {\n    var currentColor = colors[index];\n    var previousColor = colors[index - 1];\n    cy.wrap(currentColor).should('be.onTheRightOf', previousColor).and('be.horizontallyAlignedWith', previousColor);\n  }\n});",
              "err": {},
              "uuid": "eccc0e84-07c4-45a8-8a0a-36e0837ec540",
              "parentUUID": "a52c52e3-05de-4b72-91bd-f9663d2cb1a3",
              "isHook": false,
              "skipped": false
            },
            {
              "title": "Verifica se a paleta de cores está posicionada abaixo do título 'Paleta de Cores'",
              "fullTitle": "2 - Adicione à página uma paleta de quatro cores distintas. Verifica se a paleta de cores está posicionada abaixo do título 'Paleta de Cores'",
              "timedOut": null,
              "duration": 116,
              "state": "passed",
              "speed": "slow",
              "pass": true,
              "fail": false,
              "pending": false,
              "context": null,
              "code": "cy.get('h1#title').then(function (title) {\n  cy.get('#color-palette').should('be.belowOf', title);\n});",
              "err": {},
              "uuid": "958ffac4-54b9-4d96-82ed-f41a5e312418",
              "parentUUID": "a52c52e3-05de-4b72-91bd-f9663d2cb1a3",
              "isHook": false,
              "skipped": false
            },
            {
              "title": "Verifica se a paleta de cores não contém cores repetidas.",
              "fullTitle": "2 - Adicione à página uma paleta de quatro cores distintas. Verifica se a paleta de cores não contém cores repetidas.",
              "timedOut": null,
              "duration": 89,
              "state": "passed",
              "speed": "slow",
              "pass": true,
              "fail": false,
              "pending": false,
              "context": null,
              "code": "cy.get('.color').then(function (colors) {\n  var allColors = Array.from(colors).map(function (color) {\n    return Cypress.$(color).css('background-color');\n  });\n  cy.log(allColors);\n  var uniqColors = (0, _toConsumableArray2[\"default\"])(new Set(allColors));\n  cy.log(uniqColors);\n  expect(allColors.length).to.eq(uniqColors.length);\n});",
              "err": {},
              "uuid": "efa6b519-eaaa-49fc-8431-0ed68ca2024d",
              "parentUUID": "a52c52e3-05de-4b72-91bd-f9663d2cb1a3",
              "isHook": false,
              "skipped": false
            }
          ],
          "suites": [],
          "passes": [
            "f31a6df8-899c-4792-83d2-a7aec742eead",
            "ac54c10c-638f-4e58-a207-22ce7c6ed057",
            "bda5cb0a-5e4f-4cb4-a5d2-d1bb615b43bf",
            "97cda06b-d028-4ff4-acb9-ecaa0d0d78dd",
            "eccc0e84-07c4-45a8-8a0a-36e0837ec540",
            "958ffac4-54b9-4d96-82ed-f41a5e312418",
            "efa6b519-eaaa-49fc-8431-0ed68ca2024d"
          ],
          "failures": [],
          "pending": [],
          "skipped": [],
          "duration": 1208,
          "root": false,
          "rootEmpty": false,
          "_timeout": 2000
        },
        {
          "uuid": "09cd1a81-cf45-4fbf-8936-299ebd41fbcd",
          "title": "3 - Adicione a cor **preta** como a primeira cor da paleta de cores.",
          "fullFile": "",
          "file": "",
          "beforeHooks": [],
          "afterHooks": [],
          "tests": [
            {
              "title": "Verifica se a primeira cor da paleta é preta",
              "fullTitle": "3 - Adicione a cor **preta** como a primeira cor da paleta de cores. Verifica se a primeira cor da paleta é preta",
              "timedOut": null,
              "duration": 153,
              "state": "passed",
              "speed": "slow",
              "pass": true,
              "fail": false,
              "pending": false,
              "context": null,
              "code": "cy.get('.color').first().should('have.css', 'background-color', BLACK);",
              "err": {},
              "uuid": "358006e8-b76d-48a4-b3b6-6408c91e673b",
              "parentUUID": "09cd1a81-cf45-4fbf-8936-299ebd41fbcd",
              "isHook": false,
              "skipped": false
            },
            {
              "title": "Verifica se as demais cores podem ser escolhidas livremente.",
              "fullTitle": "3 - Adicione a cor **preta** como a primeira cor da paleta de cores. Verifica se as demais cores podem ser escolhidas livremente.",
              "timedOut": null,
              "duration": 265,
              "state": "passed",
              "speed": "slow",
              "pass": true,
              "fail": false,
              "pending": false,
              "context": null,
              "code": "cy.get('.color').eq(1).should('not.have.css', 'background-color', BLACK);\ncy.get('.color').eq(1).should('not.have.css', 'background-color', WHITE);\ncy.get('.color').eq(1).should('not.have.css', 'background-color', 'rgba(0, 0, 0, 0)');\ncy.get('.color').eq(1).should('have.css', 'background-color');\ncy.get('.color').eq(2).should('not.have.css', 'background-color', BLACK);\ncy.get('.color').eq(2).should('not.have.css', 'background-color', WHITE);\ncy.get('.color').eq(2).should('not.have.css', 'background-color', 'rgba(0, 0, 0, 0)');\ncy.get('.color').eq(2).should('have.css', 'background-color');\ncy.get('.color').eq(3).should('not.have.css', 'background-color', BLACK);\ncy.get('.color').eq(3).should('not.have.css', 'background-color', WHITE);\ncy.get('.color').eq(3).should('not.have.css', 'background-color', 'rgba(0, 0, 0, 0)');\ncy.get('.color').eq(3).should('have.css', 'background-color');",
              "err": {},
              "uuid": "92fd8fd6-84ab-41e0-8e70-59335877b093",
              "parentUUID": "09cd1a81-cf45-4fbf-8936-299ebd41fbcd",
              "isHook": false,
              "skipped": false
            }
          ],
          "suites": [],
          "passes": [
            "358006e8-b76d-48a4-b3b6-6408c91e673b",
            "92fd8fd6-84ab-41e0-8e70-59335877b093"
          ],
          "failures": [],
          "pending": [],
          "skipped": [],
          "duration": 418,
          "root": false,
          "rootEmpty": false,
          "_timeout": 2000
        },
        {
          "uuid": "21ac74f3-d483-4ee5-a493-cbf92b249ca8",
          "title": "4 - Adicione à página um quadro de pixels, com 25 pixels.",
          "fullFile": "",
          "file": "",
          "beforeHooks": [],
          "afterHooks": [],
          "tests": [
            {
              "title": "Verifica se o quadro de pixels possui o `id` denominado `pixel-board`",
              "fullTitle": "4 - Adicione à página um quadro de pixels, com 25 pixels. Verifica se o quadro de pixels possui o `id` denominado `pixel-board`",
              "timedOut": null,
              "duration": 110,
              "state": "passed",
              "speed": "slow",
              "pass": true,
              "fail": false,
              "pending": false,
              "context": null,
              "code": "cy.get('#pixel-board').should('be.visible');",
              "err": {},
              "uuid": "8c38c6ff-7e13-4bd1-9d13-640b3b342d00",
              "parentUUID": "21ac74f3-d483-4ee5-a493-cbf92b249ca8",
              "isHook": false,
              "skipped": false
            },
            {
              "title": "Verifica se cada pixel individual dentro do quadro possui a `classe` denominada `pixel`.",
              "fullTitle": "4 - Adicione à página um quadro de pixels, com 25 pixels. Verifica se cada pixel individual dentro do quadro possui a `classe` denominada `pixel`.",
              "timedOut": null,
              "duration": 158,
              "state": "passed",
              "speed": "slow",
              "pass": true,
              "fail": false,
              "pending": false,
              "context": null,
              "code": "cy.get('.pixel').should('have.length', 25);",
              "err": {},
              "uuid": "1f4eefba-682a-48b1-956f-67b1428a8d84",
              "parentUUID": "21ac74f3-d483-4ee5-a493-cbf92b249ca8",
              "isHook": false,
              "skipped": false
            },
            {
              "title": "Verifica se a cor inicial dos pixels dentro do quadro, ao abrir a página, é branca.",
              "fullTitle": "4 - Adicione à página um quadro de pixels, com 25 pixels. Verifica se a cor inicial dos pixels dentro do quadro, ao abrir a página, é branca.",
              "timedOut": null,
              "duration": 259,
              "state": "passed",
              "speed": "slow",
              "pass": true,
              "fail": false,
              "pending": false,
              "context": null,
              "code": "cy.get('.pixel').should('have.length', 25).each(function (pixel) {\n  expect(pixel).to.have.css('background-color', WHITE);\n});",
              "err": {},
              "uuid": "7b85c466-7193-4d29-ae65-55a119ac03a1",
              "parentUUID": "21ac74f3-d483-4ee5-a493-cbf92b249ca8",
              "isHook": false,
              "skipped": false
            },
            {
              "title": "Verifica se o quadro de pixels aparece abaixo da paleta de cores",
              "fullTitle": "4 - Adicione à página um quadro de pixels, com 25 pixels. Verifica se o quadro de pixels aparece abaixo da paleta de cores",
              "timedOut": null,
              "duration": 89,
              "state": "passed",
              "speed": "slow",
              "pass": true,
              "fail": false,
              "pending": false,
              "context": null,
              "code": "cy.get('#color-palette').then(function (palette) {\n  cy.get('#pixel-board').should('be.belowOf', palette);\n});",
              "err": {},
              "uuid": "70e5deb1-61a0-4c46-9bd3-c80705031074",
              "parentUUID": "21ac74f3-d483-4ee5-a493-cbf92b249ca8",
              "isHook": false,
              "skipped": false
            }
          ],
          "suites": [],
          "passes": [
            "8c38c6ff-7e13-4bd1-9d13-640b3b342d00",
            "1f4eefba-682a-48b1-956f-67b1428a8d84",
            "7b85c466-7193-4d29-ae65-55a119ac03a1",
            "70e5deb1-61a0-4c46-9bd3-c80705031074"
          ],
          "failures": [],
          "pending": [],
          "skipped": [],
          "duration": 616,
          "root": false,
          "rootEmpty": false,
          "_timeout": 2000
        },
        {
          "uuid": "6b9d4106-3b48-4e30-a931-4eabcc58377e",
          "title": "5 - Faça com que cada elemento do quadro de pixels possua 40 pixels de largura, 40 pixels de altura e seja delimitado por uma borda preta de 1 pixel.",
          "fullFile": "",
          "file": "",
          "beforeHooks": [],
          "afterHooks": [],
          "tests": [
            {
              "title": "Verifica se o quadro de pixels tem altura e comprimento de 5 elementos",
              "fullTitle": "5 - Faça com que cada elemento do quadro de pixels possua 40 pixels de largura, 40 pixels de altura e seja delimitado por uma borda preta de 1 pixel. Verifica se o quadro de pixels tem altura e comprimento de 5 elementos",
              "timedOut": null,
              "duration": 372,
              "state": "passed",
              "speed": "slow",
              "pass": true,
              "fail": false,
              "pending": false,
              "context": null,
              "code": "cy.get('.pixel').should('have.length', 25).each(function (pixel) {\n  expect(pixel).to.have.css('background-color', WHITE);\n}).and(function (pixels) {\n  var rows = chunk(pixels, 5);\n  rows.forEach(function (row) {\n    for (var index = 1; index < row.length; index += 1) {\n      var current = pixels[index];\n      var previous = pixels[index - 1];\n      cy.wrap(current).should('be.onTheRightOf', previous).and('be.horizontallyAlignedWith', previous);\n    }\n  });\n  for (var index = 1; index < 5; index += 1) {\n    expect(pixels[index * 5]).to.be.belowOf(pixels[(index - 1) * 5]);\n  }\n});",
              "err": {},
              "uuid": "efb0d3c2-ccfd-44c3-bb5c-a47d9d173d11",
              "parentUUID": "6b9d4106-3b48-4e30-a931-4eabcc58377e",
              "isHook": false,
              "skipped": false
            },
            {
              "title": "Verifica se 40 pixels é o tamanho total do elemento, incluindo seu conteúdo e excluindo a borda preta, que deve ser criada à parte.",
              "fullTitle": "5 - Faça com que cada elemento do quadro de pixels possua 40 pixels de largura, 40 pixels de altura e seja delimitado por uma borda preta de 1 pixel. Verifica se 40 pixels é o tamanho total do elemento, incluindo seu conteúdo e excluindo a borda preta, que deve ser criada à parte.",
              "timedOut": null,
              "duration": 339,
              "state": "passed",
              "speed": "slow",
              "pass": true,
              "fail": false,
              "pending": false,
              "context": null,
              "code": "cy.get('.pixel').each(function (pixel) {\n  cy.wrap(pixel).should('have.css', 'height', '40px').and('have.css', 'width', '40px').and('have.css', 'border', \"1px solid \".concat(BLACK));\n});",
              "err": {},
              "uuid": "0db49708-588b-4a6d-8b7e-6027f7440323",
              "parentUUID": "6b9d4106-3b48-4e30-a931-4eabcc58377e",
              "isHook": false,
              "skipped": false
            }
          ],
          "suites": [],
          "passes": [
            "efb0d3c2-ccfd-44c3-bb5c-a47d9d173d11",
            "0db49708-588b-4a6d-8b7e-6027f7440323"
          ],
          "failures": [],
          "pending": [],
          "skipped": [],
          "duration": 711,
          "root": false,
          "rootEmpty": false,
          "_timeout": 2000
        },
        {
          "uuid": "1985c17e-df9e-48b2-8bf7-650fa2133c94",
          "title": "6 - Defina a cor preta como cor inicial. Ao carregar a página a cor preta já deve estar selecionada para pintar os pixels",
          "fullFile": "",
          "file": "",
          "beforeHooks": [],
          "afterHooks": [],
          "tests": [
            {
              "title": "Verifica se o elemento da cor preta possui, inicialmente, a `classe` `selected`",
              "fullTitle": "6 - Defina a cor preta como cor inicial. Ao carregar a página a cor preta já deve estar selecionada para pintar os pixels Verifica se o elemento da cor preta possui, inicialmente, a `classe` `selected`",
              "timedOut": null,
              "duration": 118,
              "state": "passed",
              "speed": "slow",
              "pass": true,
              "fail": false,
              "pending": false,
              "context": null,
              "code": "cy.get('.selected').first().should('have.css', 'background-color', BLACK);",
              "err": {},
              "uuid": "f0ed7822-0d46-4981-b4bc-426f1c213834",
              "parentUUID": "1985c17e-df9e-48b2-8bf7-650fa2133c94",
              "isHook": false,
              "skipped": false
            },
            {
              "title": "Verifica se nenhuma outra cor da paleta tem a `classe` `selected`",
              "fullTitle": "6 - Defina a cor preta como cor inicial. Ao carregar a página a cor preta já deve estar selecionada para pintar os pixels Verifica se nenhuma outra cor da paleta tem a `classe` `selected`",
              "timedOut": null,
              "duration": 84,
              "state": "passed",
              "speed": "slow",
              "pass": true,
              "fail": false,
              "pending": false,
              "context": null,
              "code": "cy.get('.color:not(:first-child)').each(function (color) {\n  cy.wrap(color).should('not.have.class', 'selected');\n});",
              "err": {},
              "uuid": "3bc12e0d-1606-41ee-8f42-1d2966f5bb7b",
              "parentUUID": "1985c17e-df9e-48b2-8bf7-650fa2133c94",
              "isHook": false,
              "skipped": false
            }
          ],
          "suites": [],
          "passes": [
            "f0ed7822-0d46-4981-b4bc-426f1c213834",
            "3bc12e0d-1606-41ee-8f42-1d2966f5bb7b"
          ],
          "failures": [],
          "pending": [],
          "skipped": [],
          "duration": 202,
          "root": false,
          "rootEmpty": false,
          "_timeout": 2000
        },
        {
          "uuid": "52cca8ac-fb05-4e08-b9a8-a1ab38b20057",
          "title": "7 - Clicar em uma das cores da paleta, faz com que ela seja selecionada e utilizada para preencher os pixels no quadro.",
          "fullFile": "",
          "file": "",
          "beforeHooks": [],
          "afterHooks": [],
          "tests": [
            {
              "title": "Verifica se somente uma cor da paleta de cores tem a classe `selected` de cada vez",
              "fullTitle": "7 - Clicar em uma das cores da paleta, faz com que ela seja selecionada e utilizada para preencher os pixels no quadro. Verifica se somente uma cor da paleta de cores tem a classe `selected` de cada vez",
              "timedOut": null,
              "duration": 567,
              "state": "passed",
              "speed": "slow",
              "pass": true,
              "fail": false,
              "pending": false,
              "context": null,
              "code": "cy.get('.color').each(function (selectedColor, selectedColorIndex) {\n  cy.wrap(selectedColor).click();\n  cy.get('.color').each(function (color, colorIndex) {\n    if (colorIndex === selectedColorIndex) {\n      expect(color).to.have[\"class\"]('selected');\n    } else {\n      expect(color).not.to.have[\"class\"]('selected');\n    }\n  });\n});",
              "err": {},
              "uuid": "fcad87f5-cbc5-4697-98e6-ce74f06c4ccc",
              "parentUUID": "52cca8ac-fb05-4e08-b9a8-a1ab38b20057",
              "isHook": false,
              "skipped": false
            },
            {
              "title": "Verifica se os pixels dentro do quadro não têm a classe `selected` quando são clicados",
              "fullTitle": "7 - Clicar em uma das cores da paleta, faz com que ela seja selecionada e utilizada para preencher os pixels no quadro. Verifica se os pixels dentro do quadro não têm a classe `selected` quando são clicados",
              "timedOut": null,
              "duration": 9201,
              "state": "passed",
              "speed": "slow",
              "pass": true,
              "fail": false,
              "pending": false,
              "context": null,
              "code": "cy.get('.color').each(function (color) {\n  var backgroundColor = color.css('background-color');\n  cy.wrap(color).click();\n  cy.get('.pixel').each(function (pixel) {\n    cy.wrap(pixel).click().should('not.have.class', 'selected');\n  });\n});",
              "err": {},
              "uuid": "28b87696-9cc5-4acf-b75d-997970836e04",
              "parentUUID": "52cca8ac-fb05-4e08-b9a8-a1ab38b20057",
              "isHook": false,
              "skipped": false
            }
          ],
          "suites": [],
          "passes": [
            "fcad87f5-cbc5-4697-98e6-ce74f06c4ccc",
            "28b87696-9cc5-4acf-b75d-997970836e04"
          ],
          "failures": [],
          "pending": [],
          "skipped": [],
          "duration": 9768,
          "root": false,
          "rootEmpty": false,
          "_timeout": 2000
        },
        {
          "uuid": "c65355f9-cc63-46b9-989f-653faec7fdae",
          "title": "8 - Clicar em um pixel dentro do quadro após selecionar uma cor na paleta, faz com que o pixel seja preenchido com a cor selecionada.",
          "fullFile": "",
          "file": "",
          "beforeHooks": [],
          "afterHooks": [],
          "tests": [
            {
              "title": "Verifica se ao carregar a página deve ser possível pintar os pixels de preto",
              "fullTitle": "8 - Clicar em um pixel dentro do quadro após selecionar uma cor na paleta, faz com que o pixel seja preenchido com a cor selecionada. Verifica se ao carregar a página deve ser possível pintar os pixels de preto",
              "timedOut": null,
              "duration": 4467,
              "state": "failed",
              "speed": null,
              "pass": false,
              "fail": true,
              "pending": false,
              "context": null,
              "code": "cy.get('.pixel').each(function (pixel) {\n  cy.wrap(pixel).click().should('have.css', 'background-color', BLACK);\n});",
              "err": {
                "message": "CypressError: Timed out retrying: expected '<div.pixel>' to have CSS property 'background-color' with the value 'rgb(0, 0, 0)', but the value was 'rgb(255, 255, 255)'",
                "estack": "CypressError: Timed out retrying: expected '<div.pixel>' to have CSS property 'background-color' with the value 'rgb(0, 0, 0)', but the value was 'rgb(255, 255, 255)'\n    at cypressErr (http://localhost:38339/__cypress/runner/cypress_runner.js:149934:9)\n    at throwErr (http://localhost:38339/__cypress/runner/cypress_runner.js:149867:11)\n    at Object.throwErrByPath (http://localhost:38339/__cypress/runner/cypress_runner.js:149915:3)\n    at retry (http://localhost:38339/__cypress/runner/cypress_runner.js:144197:19)\n    at onFailFn (http://localhost:38339/__cypress/runner/cypress_runner.js:132448:16)\n    at tryCatcher (http://localhost:38339/__cypress/runner/cypress_runner.js:167415:23)\n    at Promise._settlePromiseFromHandler (http://localhost:38339/__cypress/runner/cypress_runner.js:165351:31)\n    at Promise._settlePromise (http://localhost:38339/__cypress/runner/cypress_runner.js:165408:18)\n    at Promise._settlePromise0 (http://localhost:38339/__cypress/runner/cypress_runner.js:165453:10)\n    at Promise._settlePromises (http://localhost:38339/__cypress/runner/cypress_runner.js:165528:18)\n    at Async../node_modules/bluebird/js/release/async.js.Async._drainQueue (http://localhost:38339/__cypress/runner/cypress_runner.js:162140:16)\n    at Async../node_modules/bluebird/js/release/async.js.Async._drainQueues (http://localhost:38339/__cypress/runner/cypress_runner.js:162150:10)\n    at Async.drainQueues (http://localhost:38339/__cypress/runner/cypress_runner.js:162024:14)",
                "diff": null
              },
              "uuid": "7f50783e-c648-4509-b7cb-fd96ae19503a",
              "parentUUID": "c65355f9-cc63-46b9-989f-653faec7fdae",
              "isHook": false,
              "skipped": false
            },
            {
              "title": "Verifica se após selecionar uma outra cor na paleta, é possível pintar os pixels com essa cor",
              "fullTitle": "8 - Clicar em um pixel dentro do quadro após selecionar uma cor na paleta, faz com que o pixel seja preenchido com a cor selecionada. Verifica se após selecionar uma outra cor na paleta, é possível pintar os pixels com essa cor",
              "timedOut": null,
              "duration": 4599,
              "state": "failed",
              "speed": null,
              "pass": false,
              "fail": true,
              "pending": false,
              "context": null,
              "code": "cy.get('.color').each(function (color) {\n  var backgroundColor = color.css('background-color');\n  cy.wrap(color).click();\n  cy.get('.pixel').each(function (pixel) {\n    cy.wrap(pixel).click().should('have.css', 'background-color', backgroundColor);\n  });\n});",
              "err": {
                "message": "CypressError: Timed out retrying: expected '<div.pixel>' to have CSS property 'background-color' with the value 'rgb(0, 0, 0)', but the value was 'rgb(255, 255, 255)'",
                "estack": "CypressError: Timed out retrying: expected '<div.pixel>' to have CSS property 'background-color' with the value 'rgb(0, 0, 0)', but the value was 'rgb(255, 255, 255)'\n    at cypressErr (http://localhost:38339/__cypress/runner/cypress_runner.js:149934:9)\n    at throwErr (http://localhost:38339/__cypress/runner/cypress_runner.js:149867:11)\n    at Object.throwErrByPath (http://localhost:38339/__cypress/runner/cypress_runner.js:149915:3)\n    at retry (http://localhost:38339/__cypress/runner/cypress_runner.js:144197:19)\n    at onFailFn (http://localhost:38339/__cypress/runner/cypress_runner.js:132448:16)\n    at tryCatcher (http://localhost:38339/__cypress/runner/cypress_runner.js:167415:23)\n    at Promise._settlePromiseFromHandler (http://localhost:38339/__cypress/runner/cypress_runner.js:165351:31)\n    at Promise._settlePromise (http://localhost:38339/__cypress/runner/cypress_runner.js:165408:18)\n    at Promise._settlePromise0 (http://localhost:38339/__cypress/runner/cypress_runner.js:165453:10)\n    at Promise._settlePromises (http://localhost:38339/__cypress/runner/cypress_runner.js:165528:18)\n    at Async../node_modules/bluebird/js/release/async.js.Async._drainQueue (http://localhost:38339/__cypress/runner/cypress_runner.js:162140:16)\n    at Async../node_modules/bluebird/js/release/async.js.Async._drainQueues (http://localhost:38339/__cypress/runner/cypress_runner.js:162150:10)\n    at Async.drainQueues (http://localhost:38339/__cypress/runner/cypress_runner.js:162024:14)",
                "diff": null
              },
              "uuid": "9dcb4797-d1a9-495f-aea8-365ee9456898",
              "parentUUID": "c65355f9-cc63-46b9-989f-653faec7fdae",
              "isHook": false,
              "skipped": false
            },
            {
              "title": "Verifica se somente o pixel que foi clicado foi preenchido com a cor selecionada, sem influenciar na cor dos demais pixels.",
              "fullTitle": "8 - Clicar em um pixel dentro do quadro após selecionar uma cor na paleta, faz com que o pixel seja preenchido com a cor selecionada. Verifica se somente o pixel que foi clicado foi preenchido com a cor selecionada, sem influenciar na cor dos demais pixels.",
              "timedOut": null,
              "duration": 1792,
              "state": "passed",
              "speed": "slow",
              "pass": true,
              "fail": false,
              "pending": false,
              "context": null,
              "code": "var colorToPixelIndexMap = {\n  0: 6,\n  1: 8,\n  2: 16,\n  3: 18\n};\ncy.get('.color').each(function (color, index) {\n  cy.wrap(color).click();\n  var backgroundColor = color.css('background-color');\n  var clickedPixelIndex = colorToPixelIndexMap[index];\n  cy.get('.pixel').eq(clickedPixelIndex).click();\n  cy.get('.pixel').eq(clickedPixelIndex - 1).should('not.have.css', 'background-color', backgroundColor);\n  cy.get('.pixel').eq(clickedPixelIndex + 1).should('not.have.css', 'background-color', backgroundColor);\n  cy.get('.pixel').eq(clickedPixelIndex - 5).should('not.have.css', 'background-color', backgroundColor);\n  cy.get('.pixel').eq(clickedPixelIndex + 5).should('not.have.css', 'background-color', backgroundColor);\n  cy.get('.pixel').eq(clickedPixelIndex - 6).should('not.have.css', 'background-color', backgroundColor);\n  cy.get('.pixel').eq(clickedPixelIndex - 4).should('not.have.css', 'background-color', backgroundColor);\n  cy.get('.pixel').eq(clickedPixelIndex + 4).should('not.have.css', 'background-color', backgroundColor);\n  cy.get('.pixel').eq(clickedPixelIndex + 6).should('not.have.css', 'background-color', backgroundColor);\n});",
              "err": {},
              "uuid": "8e11ee62-428c-4308-9b66-9ba16e8caf01",
              "parentUUID": "c65355f9-cc63-46b9-989f-653faec7fdae",
              "isHook": false,
              "skipped": false
            }
          ],
          "suites": [],
          "passes": [
            "8e11ee62-428c-4308-9b66-9ba16e8caf01"
          ],
          "failures": [
            "7f50783e-c648-4509-b7cb-fd96ae19503a",
            "9dcb4797-d1a9-495f-aea8-365ee9456898"
          ],
          "pending": [],
          "skipped": [],
          "duration": 10858,
          "root": false,
          "rootEmpty": false,
          "_timeout": 2000
        },
        {
          "uuid": "f6ce3cac-182a-491e-b2da-ead696cc2ba1",
          "title": "9 - Crie um botão que, ao ser clicado, limpa o quadro preenchendo a cor de todos seus pixels com branco.",
          "fullFile": "",
          "file": "",
          "beforeHooks": [],
          "afterHooks": [],
          "tests": [
            {
              "title": "Verifica se o botão tem o `id` denominado `clear-board`",
              "fullTitle": "9 - Crie um botão que, ao ser clicado, limpa o quadro preenchendo a cor de todos seus pixels com branco. Verifica se o botão tem o `id` denominado `clear-board`",
              "timedOut": null,
              "duration": 4349,
              "state": "failed",
              "speed": null,
              "pass": false,
              "fail": true,
              "pending": false,
              "context": null,
              "code": "cy.get('#clear-board').should('be.visible');",
              "err": {
                "message": "CypressError: Timed out retrying: Expected to find element: '#clear-board', but never found it.",
                "estack": "CypressError: Timed out retrying: Expected to find element: '#clear-board', but never found it.\n    at cypressErr (http://localhost:38339/__cypress/runner/cypress_runner.js:149934:9)\n    at throwErr (http://localhost:38339/__cypress/runner/cypress_runner.js:149867:11)\n    at Object.throwErrByPath (http://localhost:38339/__cypress/runner/cypress_runner.js:149915:3)\n    at retry (http://localhost:38339/__cypress/runner/cypress_runner.js:144197:19)\n    at onFailFn (http://localhost:38339/__cypress/runner/cypress_runner.js:132448:16)\n    at tryCatcher (http://localhost:38339/__cypress/runner/cypress_runner.js:167415:23)\n    at Promise._settlePromiseFromHandler (http://localhost:38339/__cypress/runner/cypress_runner.js:165351:31)\n    at Promise._settlePromise (http://localhost:38339/__cypress/runner/cypress_runner.js:165408:18)\n    at Promise._settlePromise0 (http://localhost:38339/__cypress/runner/cypress_runner.js:165453:10)\n    at Promise._settlePromises (http://localhost:38339/__cypress/runner/cypress_runner.js:165528:18)\n    at Async../node_modules/bluebird/js/release/async.js.Async._drainQueue (http://localhost:38339/__cypress/runner/cypress_runner.js:162140:16)\n    at Async../node_modules/bluebird/js/release/async.js.Async._drainQueues (http://localhost:38339/__cypress/runner/cypress_runner.js:162150:10)\n    at Async.drainQueues (http://localhost:38339/__cypress/runner/cypress_runner.js:162024:14)",
                "diff": null
              },
              "uuid": "14da025f-a8dd-4e8d-a8e0-247af2937bba",
              "parentUUID": "f6ce3cac-182a-491e-b2da-ead696cc2ba1",
              "isHook": false,
              "skipped": false
            },
            {
              "title": "Verifica se o botão está posicionado entre a paleta de cores e o quadro de pixels",
              "fullTitle": "9 - Crie um botão que, ao ser clicado, limpa o quadro preenchendo a cor de todos seus pixels com branco. Verifica se o botão está posicionado entre a paleta de cores e o quadro de pixels",
              "timedOut": null,
              "duration": 4477,
              "state": "failed",
              "speed": null,
              "pass": false,
              "fail": true,
              "pending": false,
              "context": null,
              "code": "cy.get('#color-palette').then(function (palette) {\n  cy.get('#clear-board').should('be.belowOf', palette);\n});\ncy.get('#clear-board').then(function (clearBtn) {\n  cy.get('#pixel-board').should('be.belowOf', clearBtn);\n});",
              "err": {
                "message": "CypressError: Timed out retrying: Expected to find element: '#clear-board', but never found it.",
                "estack": "CypressError: Timed out retrying: Expected to find element: '#clear-board', but never found it.\n    at cypressErr (http://localhost:38339/__cypress/runner/cypress_runner.js:149934:9)\n    at throwErr (http://localhost:38339/__cypress/runner/cypress_runner.js:149867:11)\n    at Object.throwErrByPath (http://localhost:38339/__cypress/runner/cypress_runner.js:149915:3)\n    at retry (http://localhost:38339/__cypress/runner/cypress_runner.js:144197:19)\n    at onFailFn (http://localhost:38339/__cypress/runner/cypress_runner.js:132448:16)\n    at tryCatcher (http://localhost:38339/__cypress/runner/cypress_runner.js:167415:23)\n    at Promise._settlePromiseFromHandler (http://localhost:38339/__cypress/runner/cypress_runner.js:165351:31)\n    at Promise._settlePromise (http://localhost:38339/__cypress/runner/cypress_runner.js:165408:18)\n    at Promise._settlePromise0 (http://localhost:38339/__cypress/runner/cypress_runner.js:165453:10)\n    at Promise._settlePromises (http://localhost:38339/__cypress/runner/cypress_runner.js:165528:18)\n    at Async../node_modules/bluebird/js/release/async.js.Async._drainQueue (http://localhost:38339/__cypress/runner/cypress_runner.js:162140:16)\n    at Async../node_modules/bluebird/js/release/async.js.Async._drainQueues (http://localhost:38339/__cypress/runner/cypress_runner.js:162150:10)\n    at Async.drainQueues (http://localhost:38339/__cypress/runner/cypress_runner.js:162024:14)",
                "diff": null
              },
              "uuid": "fe4a15a0-621d-4370-90fc-0a401ff55d51",
              "parentUUID": "f6ce3cac-182a-491e-b2da-ead696cc2ba1",
              "isHook": false,
              "skipped": false
            },
            {
              "title": "Verifica se o texto do botão é 'Limpar'",
              "fullTitle": "9 - Crie um botão que, ao ser clicado, limpa o quadro preenchendo a cor de todos seus pixels com branco. Verifica se o texto do botão é 'Limpar'",
              "timedOut": null,
              "duration": 4400,
              "state": "failed",
              "speed": null,
              "pass": false,
              "fail": true,
              "pending": false,
              "context": null,
              "code": "cy.get('#clear-board').should('contain.text', 'Limpar');",
              "err": {
                "message": "CypressError: Timed out retrying: Expected to find element: '#clear-board', but never found it.",
                "estack": "CypressError: Timed out retrying: Expected to find element: '#clear-board', but never found it.\n    at cypressErr (http://localhost:38339/__cypress/runner/cypress_runner.js:149934:9)\n    at throwErr (http://localhost:38339/__cypress/runner/cypress_runner.js:149867:11)\n    at Object.throwErrByPath (http://localhost:38339/__cypress/runner/cypress_runner.js:149915:3)\n    at retry (http://localhost:38339/__cypress/runner/cypress_runner.js:144197:19)\n    at onFailFn (http://localhost:38339/__cypress/runner/cypress_runner.js:132448:16)\n    at tryCatcher (http://localhost:38339/__cypress/runner/cypress_runner.js:167415:23)\n    at Promise._settlePromiseFromHandler (http://localhost:38339/__cypress/runner/cypress_runner.js:165351:31)\n    at Promise._settlePromise (http://localhost:38339/__cypress/runner/cypress_runner.js:165408:18)\n    at Promise._settlePromise0 (http://localhost:38339/__cypress/runner/cypress_runner.js:165453:10)\n    at Promise._settlePromises (http://localhost:38339/__cypress/runner/cypress_runner.js:165528:18)\n    at Async../node_modules/bluebird/js/release/async.js.Async._drainQueue (http://localhost:38339/__cypress/runner/cypress_runner.js:162140:16)\n    at Async../node_modules/bluebird/js/release/async.js.Async._drainQueues (http://localhost:38339/__cypress/runner/cypress_runner.js:162150:10)\n    at Async.drainQueues (http://localhost:38339/__cypress/runner/cypress_runner.js:162024:14)",
                "diff": null
              },
              "uuid": "e57ea123-1118-4ed5-9394-2424684c0b56",
              "parentUUID": "f6ce3cac-182a-491e-b2da-ead696cc2ba1",
              "isHook": false,
              "skipped": false
            },
            {
              "title": "Verifica se ao clicar no botão, o quadro de pixels é totalmente preenchido de branco",
              "fullTitle": "9 - Crie um botão que, ao ser clicado, limpa o quadro preenchendo a cor de todos seus pixels com branco. Verifica se ao clicar no botão, o quadro de pixels é totalmente preenchido de branco",
              "timedOut": null,
              "duration": 4637,
              "state": "failed",
              "speed": null,
              "pass": false,
              "fail": true,
              "pending": false,
              "context": null,
              "code": "cy.get('.color').eq(1).then(function (color) {\n  var backgroundColor = color.css('background-color');\n  cy.wrap(color).click();\n  cy.get('.pixel').each(function (pixel) {\n    cy.wrap(pixel).click().should('have.css', 'background-color', backgroundColor);\n  });\n});\ncy.get('#clear-board').click();\ncy.get('.pixel').each(function (pixel) {\n  cy.wrap(pixel).should('have.css', 'background-color', WHITE);\n});",
              "err": {
                "message": "CypressError: Timed out retrying: expected '<div.pixel>' to have CSS property 'background-color' with the value 'rgb(255, 0, 0)', but the value was 'rgb(255, 255, 255)'",
                "estack": "CypressError: Timed out retrying: expected '<div.pixel>' to have CSS property 'background-color' with the value 'rgb(255, 0, 0)', but the value was 'rgb(255, 255, 255)'\n    at cypressErr (http://localhost:38339/__cypress/runner/cypress_runner.js:149934:9)\n    at throwErr (http://localhost:38339/__cypress/runner/cypress_runner.js:149867:11)\n    at Object.throwErrByPath (http://localhost:38339/__cypress/runner/cypress_runner.js:149915:3)\n    at retry (http://localhost:38339/__cypress/runner/cypress_runner.js:144197:19)\n    at onFailFn (http://localhost:38339/__cypress/runner/cypress_runner.js:132448:16)\n    at tryCatcher (http://localhost:38339/__cypress/runner/cypress_runner.js:167415:23)\n    at Promise._settlePromiseFromHandler (http://localhost:38339/__cypress/runner/cypress_runner.js:165351:31)\n    at Promise._settlePromise (http://localhost:38339/__cypress/runner/cypress_runner.js:165408:18)\n    at Promise._settlePromise0 (http://localhost:38339/__cypress/runner/cypress_runner.js:165453:10)\n    at Promise._settlePromises (http://localhost:38339/__cypress/runner/cypress_runner.js:165528:18)\n    at Async../node_modules/bluebird/js/release/async.js.Async._drainQueue (http://localhost:38339/__cypress/runner/cypress_runner.js:162140:16)\n    at Async../node_modules/bluebird/js/release/async.js.Async._drainQueues (http://localhost:38339/__cypress/runner/cypress_runner.js:162150:10)\n    at Async.drainQueues (http://localhost:38339/__cypress/runner/cypress_runner.js:162024:14)",
                "diff": null
              },
              "uuid": "c0a53c3c-f3ba-41bc-af76-b5af5ca95df7",
              "parentUUID": "f6ce3cac-182a-491e-b2da-ead696cc2ba1",
              "isHook": false,
              "skipped": false
            }
          ],
          "suites": [],
          "passes": [],
          "failures": [
            "14da025f-a8dd-4e8d-a8e0-247af2937bba",
            "fe4a15a0-621d-4370-90fc-0a401ff55d51",
            "e57ea123-1118-4ed5-9394-2424684c0b56",
            "c0a53c3c-f3ba-41bc-af76-b5af5ca95df7"
          ],
          "pending": [],
          "skipped": [],
          "duration": 17863,
          "root": false,
          "rootEmpty": false,
          "_timeout": 2000
        },
        {
          "uuid": "c6141cc7-7b53-4a6f-bc1c-84db09bc6442",
          "title": "10 - Faça o quadro de pixels ter seu tamanho definido pelo usuário.",
          "fullFile": "",
          "file": "",
          "beforeHooks": [],
          "afterHooks": [],
          "tests": [
            {
              "title": "Verifica se existe um input com o id `board-size`",
              "fullTitle": "10 - Faça o quadro de pixels ter seu tamanho definido pelo usuário. Verifica se existe um input com o id `board-size`",
              "timedOut": null,
              "duration": 4407,
              "state": "failed",
              "speed": null,
              "pass": false,
              "fail": true,
              "pending": false,
              "context": null,
              "code": "cy.get('#board-size').should('be.visible');",
              "err": {
                "message": "CypressError: Timed out retrying: Expected to find element: '#board-size', but never found it.",
                "estack": "CypressError: Timed out retrying: Expected to find element: '#board-size', but never found it.\n    at cypressErr (http://localhost:38339/__cypress/runner/cypress_runner.js:149934:9)\n    at throwErr (http://localhost:38339/__cypress/runner/cypress_runner.js:149867:11)\n    at Object.throwErrByPath (http://localhost:38339/__cypress/runner/cypress_runner.js:149915:3)\n    at retry (http://localhost:38339/__cypress/runner/cypress_runner.js:144197:19)\n    at onFailFn (http://localhost:38339/__cypress/runner/cypress_runner.js:132448:16)\n    at tryCatcher (http://localhost:38339/__cypress/runner/cypress_runner.js:167415:23)\n    at Promise._settlePromiseFromHandler (http://localhost:38339/__cypress/runner/cypress_runner.js:165351:31)\n    at Promise._settlePromise (http://localhost:38339/__cypress/runner/cypress_runner.js:165408:18)\n    at Promise._settlePromise0 (http://localhost:38339/__cypress/runner/cypress_runner.js:165453:10)\n    at Promise._settlePromises (http://localhost:38339/__cypress/runner/cypress_runner.js:165528:18)\n    at Async../node_modules/bluebird/js/release/async.js.Async._drainQueue (http://localhost:38339/__cypress/runner/cypress_runner.js:162140:16)\n    at Async../node_modules/bluebird/js/release/async.js.Async._drainQueues (http://localhost:38339/__cypress/runner/cypress_runner.js:162150:10)\n    at Async.drainQueues (http://localhost:38339/__cypress/runner/cypress_runner.js:162024:14)",
                "diff": null
              },
              "uuid": "47715093-d085-4b40-959a-66a140ecdd25",
              "parentUUID": "c6141cc7-7b53-4a6f-bc1c-84db09bc6442",
              "isHook": false,
              "skipped": false
            },
            {
              "title": "Verifica se existe um botão com o id `generate-board`",
              "fullTitle": "10 - Faça o quadro de pixels ter seu tamanho definido pelo usuário. Verifica se existe um botão com o id `generate-board`",
              "timedOut": null,
              "duration": 4460,
              "state": "failed",
              "speed": null,
              "pass": false,
              "fail": true,
              "pending": false,
              "context": null,
              "code": "cy.get('#generate-board').should('be.visible');",
              "err": {
                "message": "CypressError: Timed out retrying: Expected to find element: '#generate-board', but never found it.",
                "estack": "CypressError: Timed out retrying: Expected to find element: '#generate-board', but never found it.\n    at cypressErr (http://localhost:38339/__cypress/runner/cypress_runner.js:149934:9)\n    at throwErr (http://localhost:38339/__cypress/runner/cypress_runner.js:149867:11)\n    at Object.throwErrByPath (http://localhost:38339/__cypress/runner/cypress_runner.js:149915:3)\n    at retry (http://localhost:38339/__cypress/runner/cypress_runner.js:144197:19)\n    at onFailFn (http://localhost:38339/__cypress/runner/cypress_runner.js:132448:16)\n    at tryCatcher (http://localhost:38339/__cypress/runner/cypress_runner.js:167415:23)\n    at Promise._settlePromiseFromHandler (http://localhost:38339/__cypress/runner/cypress_runner.js:165351:31)\n    at Promise._settlePromise (http://localhost:38339/__cypress/runner/cypress_runner.js:165408:18)\n    at Promise._settlePromise0 (http://localhost:38339/__cypress/runner/cypress_runner.js:165453:10)\n    at Promise._settlePromises (http://localhost:38339/__cypress/runner/cypress_runner.js:165528:18)\n    at Async../node_modules/bluebird/js/release/async.js.Async._drainQueue (http://localhost:38339/__cypress/runner/cypress_runner.js:162140:16)\n    at Async../node_modules/bluebird/js/release/async.js.Async._drainQueues (http://localhost:38339/__cypress/runner/cypress_runner.js:162150:10)\n    at Async.drainQueues (http://localhost:38339/__cypress/runner/cypress_runner.js:162024:14)",
                "diff": null
              },
              "uuid": "309cbfcb-ca8b-46cc-b9ce-66751934ef63",
              "parentUUID": "c6141cc7-7b53-4a6f-bc1c-84db09bc6442",
              "isHook": false,
              "skipped": false
            },
            {
              "title": "Verifica se o input só aceita número maiores que zero. Essa restrição deve ser feita usando os atributos do elemento `input`",
              "fullTitle": "10 - Faça o quadro de pixels ter seu tamanho definido pelo usuário. Verifica se o input só aceita número maiores que zero. Essa restrição deve ser feita usando os atributos do elemento `input`",
              "timedOut": null,
              "duration": 4452,
              "state": "failed",
              "speed": null,
              "pass": false,
              "fail": true,
              "pending": false,
              "context": null,
              "code": "cy.get('#board-size[type=\\'number\\'][min=\\'1\\']');",
              "err": {
                "message": "CypressError: Timed out retrying: Expected to find element: '#board-size[type='number'][min='1']', but never found it.",
                "estack": "CypressError: Timed out retrying: Expected to find element: '#board-size[type='number'][min='1']', but never found it.\n    at cypressErr (http://localhost:38339/__cypress/runner/cypress_runner.js:149934:9)\n    at throwErr (http://localhost:38339/__cypress/runner/cypress_runner.js:149867:11)\n    at Object.throwErrByPath (http://localhost:38339/__cypress/runner/cypress_runner.js:149915:3)\n    at retry (http://localhost:38339/__cypress/runner/cypress_runner.js:144197:19)\n    at onFailFn (http://localhost:38339/__cypress/runner/cypress_runner.js:132448:16)\n    at tryCatcher (http://localhost:38339/__cypress/runner/cypress_runner.js:167415:23)\n    at Promise._settlePromiseFromHandler (http://localhost:38339/__cypress/runner/cypress_runner.js:165351:31)\n    at Promise._settlePromise (http://localhost:38339/__cypress/runner/cypress_runner.js:165408:18)\n    at Promise._settlePromise0 (http://localhost:38339/__cypress/runner/cypress_runner.js:165453:10)\n    at Promise._settlePromises (http://localhost:38339/__cypress/runner/cypress_runner.js:165528:18)\n    at Async../node_modules/bluebird/js/release/async.js.Async._drainQueue (http://localhost:38339/__cypress/runner/cypress_runner.js:162140:16)\n    at Async../node_modules/bluebird/js/release/async.js.Async._drainQueues (http://localhost:38339/__cypress/runner/cypress_runner.js:162150:10)\n    at Async.drainQueues (http://localhost:38339/__cypress/runner/cypress_runner.js:162024:14)",
                "diff": null
              },
              "uuid": "a1714522-bcf0-46bc-89d2-fe0a05876ff2",
              "parentUUID": "c6141cc7-7b53-4a6f-bc1c-84db09bc6442",
              "isHook": false,
              "skipped": false
            },
            {
              "title": "Verifica se o botão contém o texto 'VQV'",
              "fullTitle": "10 - Faça o quadro de pixels ter seu tamanho definido pelo usuário. Verifica se o botão contém o texto 'VQV'",
              "timedOut": null,
              "duration": 4539,
              "state": "failed",
              "speed": null,
              "pass": false,
              "fail": true,
              "pending": false,
              "context": null,
              "code": "cy.get('#generate-board').contains(/vqv/i);",
              "err": {
                "message": "CypressError: Timed out retrying: Expected to find element: '#generate-board', but never found it.",
                "estack": "CypressError: Timed out retrying: Expected to find element: '#generate-board', but never found it.\n    at cypressErr (http://localhost:38339/__cypress/runner/cypress_runner.js:149934:9)\n    at throwErr (http://localhost:38339/__cypress/runner/cypress_runner.js:149867:11)\n    at Object.throwErrByPath (http://localhost:38339/__cypress/runner/cypress_runner.js:149915:3)\n    at retry (http://localhost:38339/__cypress/runner/cypress_runner.js:144197:19)\n    at onFailFn (http://localhost:38339/__cypress/runner/cypress_runner.js:132448:16)\n    at tryCatcher (http://localhost:38339/__cypress/runner/cypress_runner.js:167415:23)\n    at Promise._settlePromiseFromHandler (http://localhost:38339/__cypress/runner/cypress_runner.js:165351:31)\n    at Promise._settlePromise (http://localhost:38339/__cypress/runner/cypress_runner.js:165408:18)\n    at Promise._settlePromise0 (http://localhost:38339/__cypress/runner/cypress_runner.js:165453:10)\n    at Promise._settlePromises (http://localhost:38339/__cypress/runner/cypress_runner.js:165528:18)\n    at Async../node_modules/bluebird/js/release/async.js.Async._drainQueue (http://localhost:38339/__cypress/runner/cypress_runner.js:162140:16)\n    at Async../node_modules/bluebird/js/release/async.js.Async._drainQueues (http://localhost:38339/__cypress/runner/cypress_runner.js:162150:10)\n    at Async.drainQueues (http://localhost:38339/__cypress/runner/cypress_runner.js:162024:14)",
                "diff": null
              },
              "uuid": "c4ac3c85-715b-4bba-bc23-6668ba32f6d3",
              "parentUUID": "c6141cc7-7b53-4a6f-bc1c-84db09bc6442",
              "isHook": false,
              "skipped": false
            },
            {
              "title": "Verifica se o input está posicionado entre a paleta de cores e o quadro de pixels",
              "fullTitle": "10 - Faça o quadro de pixels ter seu tamanho definido pelo usuário. Verifica se o input está posicionado entre a paleta de cores e o quadro de pixels",
              "timedOut": null,
              "duration": 4420,
              "state": "failed",
              "speed": null,
              "pass": false,
              "fail": true,
              "pending": false,
              "context": null,
              "code": "cy.get('#color-palette').then(function (palette) {\n  cy.get('#board-size').should('be.belowOf', palette);\n});\ncy.get('#board-size').then(function (palette) {\n  cy.get('#pixel-board').should('be.belowOf', palette);\n});",
              "err": {
                "message": "CypressError: Timed out retrying: Expected to find element: '#board-size', but never found it.",
                "estack": "CypressError: Timed out retrying: Expected to find element: '#board-size', but never found it.\n    at cypressErr (http://localhost:38339/__cypress/runner/cypress_runner.js:149934:9)\n    at throwErr (http://localhost:38339/__cypress/runner/cypress_runner.js:149867:11)\n    at Object.throwErrByPath (http://localhost:38339/__cypress/runner/cypress_runner.js:149915:3)\n    at retry (http://localhost:38339/__cypress/runner/cypress_runner.js:144197:19)\n    at onFailFn (http://localhost:38339/__cypress/runner/cypress_runner.js:132448:16)\n    at tryCatcher (http://localhost:38339/__cypress/runner/cypress_runner.js:167415:23)\n    at Promise._settlePromiseFromHandler (http://localhost:38339/__cypress/runner/cypress_runner.js:165351:31)\n    at Promise._settlePromise (http://localhost:38339/__cypress/runner/cypress_runner.js:165408:18)\n    at Promise._settlePromise0 (http://localhost:38339/__cypress/runner/cypress_runner.js:165453:10)\n    at Promise._settlePromises (http://localhost:38339/__cypress/runner/cypress_runner.js:165528:18)\n    at Async../node_modules/bluebird/js/release/async.js.Async._drainQueue (http://localhost:38339/__cypress/runner/cypress_runner.js:162140:16)\n    at Async../node_modules/bluebird/js/release/async.js.Async._drainQueues (http://localhost:38339/__cypress/runner/cypress_runner.js:162150:10)\n    at Async.drainQueues (http://localhost:38339/__cypress/runner/cypress_runner.js:162024:14)",
                "diff": null
              },
              "uuid": "dbaa4b8e-c5d2-49b7-afc0-5ca20852f96b",
              "parentUUID": "c6141cc7-7b53-4a6f-bc1c-84db09bc6442",
              "isHook": false,
              "skipped": false
            },
            {
              "title": "Verifica se o botão está posicionado ao lado do input",
              "fullTitle": "10 - Faça o quadro de pixels ter seu tamanho definido pelo usuário. Verifica se o botão está posicionado ao lado do input",
              "timedOut": null,
              "duration": 4523,
              "state": "failed",
              "speed": null,
              "pass": false,
              "fail": true,
              "pending": false,
              "context": null,
              "code": "cy.get('#board-size').then(function (board) {\n  cy.get('#generate-board').should('be.onTheRightOf', board);\n});",
              "err": {
                "message": "CypressError: Timed out retrying: Expected to find element: '#board-size', but never found it.",
                "estack": "CypressError: Timed out retrying: Expected to find element: '#board-size', but never found it.\n    at cypressErr (http://localhost:38339/__cypress/runner/cypress_runner.js:149934:9)\n    at throwErr (http://localhost:38339/__cypress/runner/cypress_runner.js:149867:11)\n    at Object.throwErrByPath (http://localhost:38339/__cypress/runner/cypress_runner.js:149915:3)\n    at retry (http://localhost:38339/__cypress/runner/cypress_runner.js:144197:19)\n    at onFailFn (http://localhost:38339/__cypress/runner/cypress_runner.js:132448:16)\n    at tryCatcher (http://localhost:38339/__cypress/runner/cypress_runner.js:167415:23)\n    at Promise._settlePromiseFromHandler (http://localhost:38339/__cypress/runner/cypress_runner.js:165351:31)\n    at Promise._settlePromise (http://localhost:38339/__cypress/runner/cypress_runner.js:165408:18)\n    at Promise._settlePromise0 (http://localhost:38339/__cypress/runner/cypress_runner.js:165453:10)\n    at Promise._settlePromises (http://localhost:38339/__cypress/runner/cypress_runner.js:165528:18)\n    at Async../node_modules/bluebird/js/release/async.js.Async._drainQueue (http://localhost:38339/__cypress/runner/cypress_runner.js:162140:16)\n    at Async../node_modules/bluebird/js/release/async.js.Async._drainQueues (http://localhost:38339/__cypress/runner/cypress_runner.js:162150:10)\n    at Async.drainQueues (http://localhost:38339/__cypress/runner/cypress_runner.js:162024:14)",
                "diff": null
              },
              "uuid": "9abf1fe8-ccd6-460f-9e8e-0304da7a2f91",
              "parentUUID": "c6141cc7-7b53-4a6f-bc1c-84db09bc6442",
              "isHook": false,
              "skipped": false
            },
            {
              "title": "Verifica se nenhum valor for colocado no input ao clicar no botão, um `alert` é exibido com o texto: 'Board inválido!'",
              "fullTitle": "10 - Faça o quadro de pixels ter seu tamanho definido pelo usuário. Verifica se nenhum valor for colocado no input ao clicar no botão, um `alert` é exibido com o texto: 'Board inválido!'",
              "timedOut": null,
              "duration": 4463,
              "state": "failed",
              "speed": null,
              "pass": false,
              "fail": true,
              "pending": false,
              "context": null,
              "code": "var alerted = false;\ncy.on('window:alert', function (msg) {\n  return alerted = msg;\n});\ncy.get('#generate-board').click().then(function () {\n  return expect(alerted).to.match(/Board inválido!/i);\n});",
              "err": {
                "message": "CypressError: Timed out retrying: Expected to find element: '#generate-board', but never found it.",
                "estack": "CypressError: Timed out retrying: Expected to find element: '#generate-board', but never found it.\n    at cypressErr (http://localhost:38339/__cypress/runner/cypress_runner.js:149934:9)\n    at throwErr (http://localhost:38339/__cypress/runner/cypress_runner.js:149867:11)\n    at Object.throwErrByPath (http://localhost:38339/__cypress/runner/cypress_runner.js:149915:3)\n    at retry (http://localhost:38339/__cypress/runner/cypress_runner.js:144197:19)\n    at onFailFn (http://localhost:38339/__cypress/runner/cypress_runner.js:132448:16)\n    at tryCatcher (http://localhost:38339/__cypress/runner/cypress_runner.js:167415:23)\n    at Promise._settlePromiseFromHandler (http://localhost:38339/__cypress/runner/cypress_runner.js:165351:31)\n    at Promise._settlePromise (http://localhost:38339/__cypress/runner/cypress_runner.js:165408:18)\n    at Promise._settlePromise0 (http://localhost:38339/__cypress/runner/cypress_runner.js:165453:10)\n    at Promise._settlePromises (http://localhost:38339/__cypress/runner/cypress_runner.js:165528:18)\n    at Async../node_modules/bluebird/js/release/async.js.Async._drainQueue (http://localhost:38339/__cypress/runner/cypress_runner.js:162140:16)\n    at Async../node_modules/bluebird/js/release/async.js.Async._drainQueues (http://localhost:38339/__cypress/runner/cypress_runner.js:162150:10)\n    at Async.drainQueues (http://localhost:38339/__cypress/runner/cypress_runner.js:162024:14)",
                "diff": null
              },
              "uuid": "e31ae04d-831b-49e0-adc6-98bee049603b",
              "parentUUID": "c6141cc7-7b53-4a6f-bc1c-84db09bc6442",
              "isHook": false,
              "skipped": false
            },
            {
              "title": "Verifica se ao clicar no botão com um valor preenchido, o tamanho do board muda.",
              "fullTitle": "10 - Faça o quadro de pixels ter seu tamanho definido pelo usuário. Verifica se ao clicar no botão com um valor preenchido, o tamanho do board muda.",
              "timedOut": null,
              "duration": 4412,
              "state": "failed",
              "speed": null,
              "pass": false,
              "fail": true,
              "pending": false,
              "context": null,
              "code": "cy.get('#board-size').clear().type(10);\ncy.get('#generate-board').click();\ncy.get('.pixel').should('have.length', 100);",
              "err": {
                "message": "CypressError: Timed out retrying: Expected to find element: '#board-size', but never found it.",
                "estack": "CypressError: Timed out retrying: Expected to find element: '#board-size', but never found it.\n    at cypressErr (http://localhost:38339/__cypress/runner/cypress_runner.js:149934:9)\n    at throwErr (http://localhost:38339/__cypress/runner/cypress_runner.js:149867:11)\n    at Object.throwErrByPath (http://localhost:38339/__cypress/runner/cypress_runner.js:149915:3)\n    at retry (http://localhost:38339/__cypress/runner/cypress_runner.js:144197:19)\n    at onFailFn (http://localhost:38339/__cypress/runner/cypress_runner.js:132448:16)\n    at tryCatcher (http://localhost:38339/__cypress/runner/cypress_runner.js:167415:23)\n    at Promise._settlePromiseFromHandler (http://localhost:38339/__cypress/runner/cypress_runner.js:165351:31)\n    at Promise._settlePromise (http://localhost:38339/__cypress/runner/cypress_runner.js:165408:18)\n    at Promise._settlePromise0 (http://localhost:38339/__cypress/runner/cypress_runner.js:165453:10)\n    at Promise._settlePromises (http://localhost:38339/__cypress/runner/cypress_runner.js:165528:18)\n    at Async../node_modules/bluebird/js/release/async.js.Async._drainQueue (http://localhost:38339/__cypress/runner/cypress_runner.js:162140:16)\n    at Async../node_modules/bluebird/js/release/async.js.Async._drainQueues (http://localhost:38339/__cypress/runner/cypress_runner.js:162150:10)\n    at Async.drainQueues (http://localhost:38339/__cypress/runner/cypress_runner.js:162024:14)",
                "diff": null
              },
              "uuid": "ce4325e1-5cd3-4c96-9601-62330fb8a9d9",
              "parentUUID": "c6141cc7-7b53-4a6f-bc1c-84db09bc6442",
              "isHook": false,
              "skipped": false
            },
            {
              "title": "Verifica se o novo quadro tem todos os pixels preenchidos com a cor branca",
              "fullTitle": "10 - Faça o quadro de pixels ter seu tamanho definido pelo usuário. Verifica se o novo quadro tem todos os pixels preenchidos com a cor branca",
              "timedOut": null,
              "duration": 4517,
              "state": "failed",
              "speed": null,
              "pass": false,
              "fail": true,
              "pending": false,
              "context": null,
              "code": "cy.get('#board-size').clear().type(6);\ncy.get('#generate-board').click();\ncy.get('.pixel').should('have.length', 36).each(function (pixel) {\n  expect(pixel).to.have.css('background-color', WHITE);\n});",
              "err": {
                "message": "CypressError: Timed out retrying: Expected to find element: '#board-size', but never found it.",
                "estack": "CypressError: Timed out retrying: Expected to find element: '#board-size', but never found it.\n    at cypressErr (http://localhost:38339/__cypress/runner/cypress_runner.js:149934:9)\n    at throwErr (http://localhost:38339/__cypress/runner/cypress_runner.js:149867:11)\n    at Object.throwErrByPath (http://localhost:38339/__cypress/runner/cypress_runner.js:149915:3)\n    at retry (http://localhost:38339/__cypress/runner/cypress_runner.js:144197:19)\n    at onFailFn (http://localhost:38339/__cypress/runner/cypress_runner.js:132448:16)\n    at tryCatcher (http://localhost:38339/__cypress/runner/cypress_runner.js:167415:23)\n    at Promise._settlePromiseFromHandler (http://localhost:38339/__cypress/runner/cypress_runner.js:165351:31)\n    at Promise._settlePromise (http://localhost:38339/__cypress/runner/cypress_runner.js:165408:18)\n    at Promise._settlePromise0 (http://localhost:38339/__cypress/runner/cypress_runner.js:165453:10)\n    at Promise._settlePromises (http://localhost:38339/__cypress/runner/cypress_runner.js:165528:18)\n    at Async../node_modules/bluebird/js/release/async.js.Async._drainQueue (http://localhost:38339/__cypress/runner/cypress_runner.js:162140:16)\n    at Async../node_modules/bluebird/js/release/async.js.Async._drainQueues (http://localhost:38339/__cypress/runner/cypress_runner.js:162150:10)\n    at Async.drainQueues (http://localhost:38339/__cypress/runner/cypress_runner.js:162024:14)",
                "diff": null
              },
              "uuid": "f58eec4e-98d0-45cc-b074-1b00dee62658",
              "parentUUID": "c6141cc7-7b53-4a6f-bc1c-84db09bc6442",
              "isHook": false,
              "skipped": false
            }
          ],
          "suites": [],
          "passes": [],
          "failures": [
            "47715093-d085-4b40-959a-66a140ecdd25",
            "309cbfcb-ca8b-46cc-b9ce-66751934ef63",
            "a1714522-bcf0-46bc-89d2-fe0a05876ff2",
            "c4ac3c85-715b-4bba-bc23-6668ba32f6d3",
            "dbaa4b8e-c5d2-49b7-afc0-5ca20852f96b",
            "9abf1fe8-ccd6-460f-9e8e-0304da7a2f91",
            "e31ae04d-831b-49e0-adc6-98bee049603b",
            "ce4325e1-5cd3-4c96-9601-62330fb8a9d9",
            "f58eec4e-98d0-45cc-b074-1b00dee62658"
          ],
          "pending": [],
          "skipped": [],
          "duration": 40193,
          "root": false,
          "rootEmpty": false,
          "_timeout": 2000
        },
        {
          "uuid": "90d48b93-cbce-4800-9ce1-7c986589999a",
          "title": "11 - Limite o tamanho mínimo e máximo do board.",
          "fullFile": "",
          "file": "",
          "beforeHooks": [],
          "afterHooks": [],
          "tests": [
            {
              "title": "Verifica se a altura máxima do board é 50",
              "fullTitle": "11 - Limite o tamanho mínimo e máximo do board. Verifica se a altura máxima do board é 50",
              "timedOut": null,
              "duration": 4609,
              "state": "failed",
              "speed": null,
              "pass": false,
              "fail": true,
              "pending": false,
              "context": null,
              "code": "cy.get('#board-size').clear().type(50);\ncy.get('#generate-board').click();\ncy.get('.pixel').should('have.length', 2500);",
              "err": {
                "message": "CypressError: Timed out retrying: Expected to find element: '#board-size', but never found it.",
                "estack": "CypressError: Timed out retrying: Expected to find element: '#board-size', but never found it.\n    at cypressErr (http://localhost:38339/__cypress/runner/cypress_runner.js:149934:9)\n    at throwErr (http://localhost:38339/__cypress/runner/cypress_runner.js:149867:11)\n    at Object.throwErrByPath (http://localhost:38339/__cypress/runner/cypress_runner.js:149915:3)\n    at retry (http://localhost:38339/__cypress/runner/cypress_runner.js:144197:19)\n    at onFailFn (http://localhost:38339/__cypress/runner/cypress_runner.js:132448:16)\n    at tryCatcher (http://localhost:38339/__cypress/runner/cypress_runner.js:167415:23)\n    at Promise._settlePromiseFromHandler (http://localhost:38339/__cypress/runner/cypress_runner.js:165351:31)\n    at Promise._settlePromise (http://localhost:38339/__cypress/runner/cypress_runner.js:165408:18)\n    at Promise._settlePromise0 (http://localhost:38339/__cypress/runner/cypress_runner.js:165453:10)\n    at Promise._settlePromises (http://localhost:38339/__cypress/runner/cypress_runner.js:165528:18)\n    at Async../node_modules/bluebird/js/release/async.js.Async._drainQueue (http://localhost:38339/__cypress/runner/cypress_runner.js:162140:16)\n    at Async../node_modules/bluebird/js/release/async.js.Async._drainQueues (http://localhost:38339/__cypress/runner/cypress_runner.js:162150:10)\n    at Async.drainQueues (http://localhost:38339/__cypress/runner/cypress_runner.js:162024:14)",
                "diff": null
              },
              "uuid": "61b19866-a54f-413a-b5b9-d69600c0c1ea",
              "parentUUID": "90d48b93-cbce-4800-9ce1-7c986589999a",
              "isHook": false,
              "skipped": false
            },
            {
              "title": "Verifica se a altura do board é 5 quando um valor menor é colocado no input",
              "fullTitle": "11 - Limite o tamanho mínimo e máximo do board. Verifica se a altura do board é 5 quando um valor menor é colocado no input",
              "timedOut": null,
              "duration": 4436,
              "state": "failed",
              "speed": null,
              "pass": false,
              "fail": true,
              "pending": false,
              "context": null,
              "code": "cy.get('#board-size').clear().type(4);\ncy.get('#generate-board').click();\ncy.get('.pixel').should('have.length', 25);",
              "err": {
                "message": "CypressError: Timed out retrying: Expected to find element: '#board-size', but never found it.",
                "estack": "CypressError: Timed out retrying: Expected to find element: '#board-size', but never found it.\n    at cypressErr (http://localhost:38339/__cypress/runner/cypress_runner.js:149934:9)\n    at throwErr (http://localhost:38339/__cypress/runner/cypress_runner.js:149867:11)\n    at Object.throwErrByPath (http://localhost:38339/__cypress/runner/cypress_runner.js:149915:3)\n    at retry (http://localhost:38339/__cypress/runner/cypress_runner.js:144197:19)\n    at onFailFn (http://localhost:38339/__cypress/runner/cypress_runner.js:132448:16)\n    at tryCatcher (http://localhost:38339/__cypress/runner/cypress_runner.js:167415:23)\n    at Promise._settlePromiseFromHandler (http://localhost:38339/__cypress/runner/cypress_runner.js:165351:31)\n    at Promise._settlePromise (http://localhost:38339/__cypress/runner/cypress_runner.js:165408:18)\n    at Promise._settlePromise0 (http://localhost:38339/__cypress/runner/cypress_runner.js:165453:10)\n    at Promise._settlePromises (http://localhost:38339/__cypress/runner/cypress_runner.js:165528:18)\n    at Async../node_modules/bluebird/js/release/async.js.Async._drainQueue (http://localhost:38339/__cypress/runner/cypress_runner.js:162140:16)\n    at Async../node_modules/bluebird/js/release/async.js.Async._drainQueues (http://localhost:38339/__cypress/runner/cypress_runner.js:162150:10)\n    at Async.drainQueues (http://localhost:38339/__cypress/runner/cypress_runner.js:162024:14)",
                "diff": null
              },
              "uuid": "3f384522-77ba-4fcc-8be1-67cc5c53d566",
              "parentUUID": "90d48b93-cbce-4800-9ce1-7c986589999a",
              "isHook": false,
              "skipped": false
            },
            {
              "title": "Verifica se a altura do board é 50 quando um valor maior é colocado no input",
              "fullTitle": "11 - Limite o tamanho mínimo e máximo do board. Verifica se a altura do board é 50 quando um valor maior é colocado no input",
              "timedOut": null,
              "duration": 4557,
              "state": "failed",
              "speed": null,
              "pass": false,
              "fail": true,
              "pending": false,
              "context": null,
              "code": "cy.get('#board-size').clear().type(51);\ncy.get('#generate-board').click();\ncy.get('.pixel').should('have.length', 2500);",
              "err": {
                "message": "CypressError: Timed out retrying: Expected to find element: '#board-size', but never found it.",
                "estack": "CypressError: Timed out retrying: Expected to find element: '#board-size', but never found it.\n    at cypressErr (http://localhost:38339/__cypress/runner/cypress_runner.js:149934:9)\n    at throwErr (http://localhost:38339/__cypress/runner/cypress_runner.js:149867:11)\n    at Object.throwErrByPath (http://localhost:38339/__cypress/runner/cypress_runner.js:149915:3)\n    at retry (http://localhost:38339/__cypress/runner/cypress_runner.js:144197:19)\n    at onFailFn (http://localhost:38339/__cypress/runner/cypress_runner.js:132448:16)\n    at tryCatcher (http://localhost:38339/__cypress/runner/cypress_runner.js:167415:23)\n    at Promise._settlePromiseFromHandler (http://localhost:38339/__cypress/runner/cypress_runner.js:165351:31)\n    at Promise._settlePromise (http://localhost:38339/__cypress/runner/cypress_runner.js:165408:18)\n    at Promise._settlePromise0 (http://localhost:38339/__cypress/runner/cypress_runner.js:165453:10)\n    at Promise._settlePromises (http://localhost:38339/__cypress/runner/cypress_runner.js:165528:18)\n    at Async../node_modules/bluebird/js/release/async.js.Async._drainQueue (http://localhost:38339/__cypress/runner/cypress_runner.js:162140:16)\n    at Async../node_modules/bluebird/js/release/async.js.Async._drainQueues (http://localhost:38339/__cypress/runner/cypress_runner.js:162150:10)\n    at Async.drainQueues (http://localhost:38339/__cypress/runner/cypress_runner.js:162024:14)",
                "diff": null
              },
              "uuid": "9c8f414a-7140-4c9c-b27e-94006b7f540d",
              "parentUUID": "90d48b93-cbce-4800-9ce1-7c986589999a",
              "isHook": false,
              "skipped": false
            }
          ],
          "suites": [],
          "passes": [],
          "failures": [
            "61b19866-a54f-413a-b5b9-d69600c0c1ea",
            "3f384522-77ba-4fcc-8be1-67cc5c53d566",
            "9c8f414a-7140-4c9c-b27e-94006b7f540d"
          ],
          "pending": [],
          "skipped": [],
          "duration": 13602,
          "root": false,
          "rootEmpty": false,
          "_timeout": 2000
        },
        {
          "uuid": "02460fef-8632-4c6e-92cd-2b19a3062557",
          "title": "12 - Faça com que as cores da paleta sejam geradas aleatoriamente ao carregar a página.",
          "fullFile": "",
          "file": "",
          "beforeHooks": [],
          "afterHooks": [],
          "tests": [
            {
              "title": "Verifica se as cores geradas na paleta são diferentes a cada carregamento da página",
              "fullTitle": "12 - Faça com que as cores da paleta sejam geradas aleatoriamente ao carregar a página. Verifica se as cores geradas na paleta são diferentes a cada carregamento da página",
              "timedOut": null,
              "duration": 721,
              "state": "failed",
              "speed": null,
              "pass": false,
              "fail": true,
              "pending": false,
              "context": null,
              "code": "cy.get('.color').then(function (colors) {\n  var currentColors;\n  var previousColors;\n  previousColors = Array.from(colors).map(function (color) {\n    return Cypress.$(color).css('background-color');\n  });\n  for (var i = 0; i < 5; i += 1) {\n    cy.reload();\n    cy.get('.color').then(function (colors) {\n      currentColors = Array.from(colors).map(function (color) {\n        return Cypress.$(color).css('background-color');\n      });\n      expect(currentColors).not.to.deep.equal(previousColors);\n      previousColors = currentColors;\n    });\n  }\n});",
              "err": {
                "message": "AssertionError: expected [ Array(4) ] to not deeply equal [ Array(4) ]",
                "estack": "AssertionError: expected [ Array(4) ] to not deeply equal [ Array(4) ]\n    at getRet (http://localhost:38339/__cypress/runner/cypress_runner.js:136585:16)\n    at tryCatcher (http://localhost:38339/__cypress/runner/cypress_runner.js:167415:23)\n    at Function.Promise.attempt.Promise.try (http://localhost:38339/__cypress/runner/cypress_runner.js:164690:29)\n    at Context.thenFn (http://localhost:38339/__cypress/runner/cypress_runner.js:136599:23)\n    at Context.then (http://localhost:38339/__cypress/runner/cypress_runner.js:136971:21)\n    at Context.<anonymous> (http://localhost:38339/__cypress/runner/cypress_runner.js:148875:21)\n    at http://localhost:38339/__cypress/runner/cypress_runner.js:148351:33\n    at tryCatcher (http://localhost:38339/__cypress/runner/cypress_runner.js:167415:23)\n    at Promise._settlePromiseFromHandler (http://localhost:38339/__cypress/runner/cypress_runner.js:165351:31)\n    at Promise._settlePromise (http://localhost:38339/__cypress/runner/cypress_runner.js:165408:18)\n    at Promise._settlePromiseCtx (http://localhost:38339/__cypress/runner/cypress_runner.js:165445:10)\n    at Async../node_modules/bluebird/js/release/async.js.Async._drainQueue (http://localhost:38339/__cypress/runner/cypress_runner.js:162145:12)\n    at Async../node_modules/bluebird/js/release/async.js.Async._drainQueues (http://localhost:38339/__cypress/runner/cypress_runner.js:162150:10)\n    at Async.drainQueues (http://localhost:38339/__cypress/runner/cypress_runner.js:162024:14)",
                "diff": ""
              },
              "uuid": "7b20933c-cee2-4a80-a016-f4cfe378a5b9",
              "parentUUID": "02460fef-8632-4c6e-92cd-2b19a3062557",
              "isHook": false,
              "skipped": false
            },
            {
              "title": "Verifica se a cor preta ainda está presente e é a primeira na sua paleta de cores",
              "fullTitle": "12 - Faça com que as cores da paleta sejam geradas aleatoriamente ao carregar a página. Verifica se a cor preta ainda está presente e é a primeira na sua paleta de cores",
              "timedOut": null,
              "duration": 509,
              "state": "failed",
              "speed": null,
              "pass": false,
              "fail": true,
              "pending": false,
              "context": null,
              "code": "cy.get('.color').then(function (colors) {\n  var currentColors;\n  var previousColors;\n  previousColors = Array.from(colors).map(function (color) {\n    return Cypress.$(color).css('background-color');\n  });\n  expect(previousColors[0]).to.eq(BLACK);\n  for (var i = 0; i < 5; i += 1) {\n    cy.reload();\n    cy.get('.color').then(function (colors) {\n      currentColors = Array.from(colors).map(function (color) {\n        return Cypress.$(color).css('background-color');\n      });\n      expect(currentColors[0]).to.eq(BLACK);\n      expect(currentColors).not.to.deep.equal(previousColors);\n      previousColors = currentColors;\n    });\n  }\n});",
              "err": {
                "message": "AssertionError: expected [ Array(4) ] to not deeply equal [ Array(4) ]",
                "estack": "AssertionError: expected [ Array(4) ] to not deeply equal [ Array(4) ]\n    at getRet (http://localhost:38339/__cypress/runner/cypress_runner.js:136585:16)\n    at tryCatcher (http://localhost:38339/__cypress/runner/cypress_runner.js:167415:23)\n    at Function.Promise.attempt.Promise.try (http://localhost:38339/__cypress/runner/cypress_runner.js:164690:29)\n    at Context.thenFn (http://localhost:38339/__cypress/runner/cypress_runner.js:136599:23)\n    at Context.then (http://localhost:38339/__cypress/runner/cypress_runner.js:136971:21)\n    at Context.<anonymous> (http://localhost:38339/__cypress/runner/cypress_runner.js:148875:21)\n    at http://localhost:38339/__cypress/runner/cypress_runner.js:148351:33\n    at tryCatcher (http://localhost:38339/__cypress/runner/cypress_runner.js:167415:23)\n    at Promise._settlePromiseFromHandler (http://localhost:38339/__cypress/runner/cypress_runner.js:165351:31)\n    at Promise._settlePromise (http://localhost:38339/__cypress/runner/cypress_runner.js:165408:18)\n    at Promise._settlePromiseCtx (http://localhost:38339/__cypress/runner/cypress_runner.js:165445:10)\n    at Async../node_modules/bluebird/js/release/async.js.Async._drainQueue (http://localhost:38339/__cypress/runner/cypress_runner.js:162145:12)\n    at Async../node_modules/bluebird/js/release/async.js.Async._drainQueues (http://localhost:38339/__cypress/runner/cypress_runner.js:162150:10)\n    at Async.drainQueues (http://localhost:38339/__cypress/runner/cypress_runner.js:162024:14)",
                "diff": ""
              },
              "uuid": "4682d36b-4318-424b-9b77-1373c9899c90",
              "parentUUID": "02460fef-8632-4c6e-92cd-2b19a3062557",
              "isHook": false,
              "skipped": false
            }
          ],
          "suites": [],
          "passes": [],
          "failures": [
            "7b20933c-cee2-4a80-a016-f4cfe378a5b9",
            "4682d36b-4318-424b-9b77-1373c9899c90"
          ],
          "pending": [],
          "skipped": [],
          "duration": 1230,
          "root": false,
          "rootEmpty": false,
          "_timeout": 2000
        }
      ],
      "passes": [],
      "failures": [],
      "pending": [],
      "skipped": [],
      "duration": 0,
      "root": true,
      "rootEmpty": true,
      "_timeout": 2000
    }
  ],
  "meta": {
    "mocha": {
      "version": "7.0.1"
    },
    "mochawesome": {
      "options": {
        "quiet": false,
        "reportFilename": "mochawesome",
        "saveHtml": false,
        "saveJson": true,
        "consoleReporter": "spec",
        "useInlineDiffs": false
      },
      "version": "4.1.0"
    },
    "marge": {
      "options": {
        "id": "default",
        "reportDir": "cypress/reports",
        "overwrite": true,
        "html": false,
        "json": true
      },
      "version": "4.1.0"
    }
  }
}