{
  "stats": {
    "suites": 12,
    "tests": 41,
    "passes": 21,
    "pending": 0,
    "failures": 20,
    "start": "2021-09-10T21:52:04.092Z",
    "end": "2021-09-10T21:53:43.672Z",
    "duration": 99580,
    "testsRegistered": 41,
    "passPercent": 51.21951219512195,
    "pendingPercent": 0,
    "other": 0,
    "hasOther": false,
    "skipped": 0,
    "hasSkipped": false
  },
  "results": [
    {
      "uuid": "ecdaa577-5ad8-4c46-875e-b581ca6050d1",
      "title": "",
      "fullFile": "cypress/integration/project.spec.js",
      "file": "cypress/integration/project.spec.js",
      "beforeHooks": [],
      "afterHooks": [],
      "tests": [],
      "suites": [
        {
          "uuid": "58a187cd-b223-4ec8-a4e4-73914e6539e0",
          "title": "1 - Adicione à página o título \"Paleta de Cores\".",
          "fullFile": "",
          "file": "",
          "beforeHooks": [],
          "afterHooks": [],
          "tests": [
            {
              "title": "Verifica se contém um elemento `h1` com o id `title` com o título correto",
              "fullTitle": "1 - Adicione à página o título \"Paleta de Cores\". Verifica se contém um elemento `h1` com o id `title` com o título correto",
              "timedOut": null,
              "duration": 213,
              "state": "passed",
              "speed": "slow",
              "pass": true,
              "fail": false,
              "pending": false,
              "context": null,
              "code": "cy.get('h1#title').should('contain.text', 'Paleta de Cores');",
              "err": {},
              "uuid": "ec665f25-b70f-46bd-aa02-9d43dadd91a1",
              "parentUUID": "58a187cd-b223-4ec8-a4e4-73914e6539e0",
              "isHook": false,
              "skipped": false
            }
          ],
          "suites": [],
          "passes": [
            "ec665f25-b70f-46bd-aa02-9d43dadd91a1"
          ],
          "failures": [],
          "pending": [],
          "skipped": [],
          "duration": 213,
          "root": false,
          "rootEmpty": false,
          "_timeout": 2000
        },
        {
          "uuid": "28c891e5-e861-42a6-8e00-b7bfa7a0f1dc",
          "title": "2 - Adicione à página uma paleta de quatro cores distintas.",
          "fullFile": "",
          "file": "",
          "beforeHooks": [],
          "afterHooks": [],
          "tests": [
            {
              "title": "A paleta de cores deve ser um elemento com `id` denominado `color-palette`",
              "fullTitle": "2 - Adicione à página uma paleta de quatro cores distintas. A paleta de cores deve ser um elemento com `id` denominado `color-palette`",
              "timedOut": null,
              "duration": 246,
              "state": "passed",
              "speed": "slow",
              "pass": true,
              "fail": false,
              "pending": false,
              "context": null,
              "code": "cy.get('#color-palette').should('be.visible');\ncy.get('#color-palette').children('.color');",
              "err": {},
              "uuid": "0139e89e-8364-40c1-8a8d-a15efdc545de",
              "parentUUID": "28c891e5-e861-42a6-8e00-b7bfa7a0f1dc",
              "isHook": false,
              "skipped": false
            },
            {
              "title": "Verifica se cada cor individual da paleta de cores possui a `classe` chamada `color`.",
              "fullTitle": "2 - Adicione à página uma paleta de quatro cores distintas. Verifica se cada cor individual da paleta de cores possui a `classe` chamada `color`.",
              "timedOut": null,
              "duration": 285,
              "state": "passed",
              "speed": "slow",
              "pass": true,
              "fail": false,
              "pending": false,
              "context": null,
              "code": "cy.get('.color').should('have.length', 4).then(function (colors) {\n  for (var i = 0; i < colors.length; i++) {\n    cy.wrap(colors[i]).should('be.visible');\n  }\n});",
              "err": {},
              "uuid": "9ac7b29c-96ff-4971-b8ee-852e45639445",
              "parentUUID": "28c891e5-e861-42a6-8e00-b7bfa7a0f1dc",
              "isHook": false,
              "skipped": false
            },
            {
              "title": "Verifica se a cor de fundo de cada elemento da paleta é a cor que o elemento representa. **A única cor não permitida na paleta é a cor branca.**",
              "fullTitle": "2 - Adicione à página uma paleta de quatro cores distintas. Verifica se a cor de fundo de cada elemento da paleta é a cor que o elemento representa. **A única cor não permitida na paleta é a cor branca.**",
              "timedOut": null,
              "duration": 223,
              "state": "passed",
              "speed": "slow",
              "pass": true,
              "fail": false,
              "pending": false,
              "context": null,
              "code": "cy.get('.color').each(function (color) {\n  cy.wrap(color).should('have.class', 'color').and('not.have.css', 'background-color', WHITE);\n  cy.wrap(color).should('have.css', 'background-color');\n});",
              "err": {},
              "uuid": "09c0126f-64b7-4d1e-a343-4d32a31cdbb3",
              "parentUUID": "28c891e5-e861-42a6-8e00-b7bfa7a0f1dc",
              "isHook": false,
              "skipped": false
            },
            {
              "title": "Verifica se cada elemento da paleta de cores tem uma borda preta, sólida e com 1 pixel de largura;",
              "fullTitle": "2 - Adicione à página uma paleta de quatro cores distintas. Verifica se cada elemento da paleta de cores tem uma borda preta, sólida e com 1 pixel de largura;",
              "timedOut": null,
              "duration": 339,
              "state": "passed",
              "speed": "slow",
              "pass": true,
              "fail": false,
              "pending": false,
              "context": null,
              "code": "cy.get('.color').each(function (color) {\n  cy.wrap(color).and('have.css', 'border', \"1px solid \".concat(BLACK)).and('have.class', 'color');\n});",
              "err": {},
              "uuid": "a062993f-a4ac-496a-ad51-1173f03c2ff5",
              "parentUUID": "28c891e5-e861-42a6-8e00-b7bfa7a0f1dc",
              "isHook": false,
              "skipped": false
            },
            {
              "title": "Verifica se a paleta lista todas as cores disponíveis para utilização, lado a lado.",
              "fullTitle": "2 - Adicione à página uma paleta de quatro cores distintas. Verifica se a paleta lista todas as cores disponíveis para utilização, lado a lado.",
              "timedOut": null,
              "duration": 199,
              "state": "passed",
              "speed": "slow",
              "pass": true,
              "fail": false,
              "pending": false,
              "context": null,
              "code": "cy.get('.color').then(function (colors) {\n  for (var index = 1; index < colors.length; index += 1) {\n    var currentColor = colors[index];\n    var previousColor = colors[index - 1];\n    cy.wrap(currentColor).should('be.onTheRightOf', previousColor).and('be.horizontallyAlignedWith', previousColor);\n  }\n});",
              "err": {},
              "uuid": "773521e5-9164-4e24-9e75-2e0ffca8a7a4",
              "parentUUID": "28c891e5-e861-42a6-8e00-b7bfa7a0f1dc",
              "isHook": false,
              "skipped": false
            },
            {
              "title": "Verifica se a paleta de cores está posicionada abaixo do título 'Paleta de Cores'",
              "fullTitle": "2 - Adicione à página uma paleta de quatro cores distintas. Verifica se a paleta de cores está posicionada abaixo do título 'Paleta de Cores'",
              "timedOut": null,
              "duration": 112,
              "state": "passed",
              "speed": "slow",
              "pass": true,
              "fail": false,
              "pending": false,
              "context": null,
              "code": "cy.get('h1#title').then(function (title) {\n  cy.get('#color-palette').should('be.belowOf', title);\n});",
              "err": {},
              "uuid": "7ae4c9a2-b1c8-4cf8-acd7-a75f981da850",
              "parentUUID": "28c891e5-e861-42a6-8e00-b7bfa7a0f1dc",
              "isHook": false,
              "skipped": false
            },
            {
              "title": "Verifica se a paleta de cores não contém cores repetidas.",
              "fullTitle": "2 - Adicione à página uma paleta de quatro cores distintas. Verifica se a paleta de cores não contém cores repetidas.",
              "timedOut": null,
              "duration": 148,
              "state": "passed",
              "speed": "slow",
              "pass": true,
              "fail": false,
              "pending": false,
              "context": null,
              "code": "cy.get('.color').then(function (colors) {\n  var allColors = Array.from(colors).map(function (color) {\n    return Cypress.$(color).css('background-color');\n  });\n  cy.log(allColors);\n  var uniqColors = (0, _toConsumableArray2[\"default\"])(new Set(allColors));\n  cy.log(uniqColors);\n  expect(allColors.length).to.eq(uniqColors.length);\n});",
              "err": {},
              "uuid": "efa97407-c6ea-424e-bd7d-3d270291a6e8",
              "parentUUID": "28c891e5-e861-42a6-8e00-b7bfa7a0f1dc",
              "isHook": false,
              "skipped": false
            }
          ],
          "suites": [],
          "passes": [
            "0139e89e-8364-40c1-8a8d-a15efdc545de",
            "9ac7b29c-96ff-4971-b8ee-852e45639445",
            "09c0126f-64b7-4d1e-a343-4d32a31cdbb3",
            "a062993f-a4ac-496a-ad51-1173f03c2ff5",
            "773521e5-9164-4e24-9e75-2e0ffca8a7a4",
            "7ae4c9a2-b1c8-4cf8-acd7-a75f981da850",
            "efa97407-c6ea-424e-bd7d-3d270291a6e8"
          ],
          "failures": [],
          "pending": [],
          "skipped": [],
          "duration": 1552,
          "root": false,
          "rootEmpty": false,
          "_timeout": 2000
        },
        {
          "uuid": "d187f7a2-6f80-44d9-a1aa-b8d6648e7ec2",
          "title": "3 - Adicione a cor **preta** como a primeira cor da paleta de cores.",
          "fullFile": "",
          "file": "",
          "beforeHooks": [],
          "afterHooks": [],
          "tests": [
            {
              "title": "Verifica se a primeira cor da paleta é preta",
              "fullTitle": "3 - Adicione a cor **preta** como a primeira cor da paleta de cores. Verifica se a primeira cor da paleta é preta",
              "timedOut": null,
              "duration": 98,
              "state": "passed",
              "speed": "slow",
              "pass": true,
              "fail": false,
              "pending": false,
              "context": null,
              "code": "cy.get('.color').first().should('have.css', 'background-color', BLACK);",
              "err": {},
              "uuid": "8bb21794-8540-42a8-a275-f91e3b16f65f",
              "parentUUID": "d187f7a2-6f80-44d9-a1aa-b8d6648e7ec2",
              "isHook": false,
              "skipped": false
            },
            {
              "title": "Verifica se as demais cores podem ser escolhidas livremente.",
              "fullTitle": "3 - Adicione a cor **preta** como a primeira cor da paleta de cores. Verifica se as demais cores podem ser escolhidas livremente.",
              "timedOut": null,
              "duration": 253,
              "state": "passed",
              "speed": "slow",
              "pass": true,
              "fail": false,
              "pending": false,
              "context": null,
              "code": "cy.get('.color').eq(1).should('not.have.css', 'background-color', BLACK);\ncy.get('.color').eq(1).should('not.have.css', 'background-color', WHITE);\ncy.get('.color').eq(1).should('not.have.css', 'background-color', 'rgba(0, 0, 0, 0)');\ncy.get('.color').eq(1).should('have.css', 'background-color');\ncy.get('.color').eq(2).should('not.have.css', 'background-color', BLACK);\ncy.get('.color').eq(2).should('not.have.css', 'background-color', WHITE);\ncy.get('.color').eq(2).should('not.have.css', 'background-color', 'rgba(0, 0, 0, 0)');\ncy.get('.color').eq(2).should('have.css', 'background-color');\ncy.get('.color').eq(3).should('not.have.css', 'background-color', BLACK);\ncy.get('.color').eq(3).should('not.have.css', 'background-color', WHITE);\ncy.get('.color').eq(3).should('not.have.css', 'background-color', 'rgba(0, 0, 0, 0)');\ncy.get('.color').eq(3).should('have.css', 'background-color');",
              "err": {},
              "uuid": "4a9291d6-b87f-4f46-bedf-d24381f00873",
              "parentUUID": "d187f7a2-6f80-44d9-a1aa-b8d6648e7ec2",
              "isHook": false,
              "skipped": false
            }
          ],
          "suites": [],
          "passes": [
            "8bb21794-8540-42a8-a275-f91e3b16f65f",
            "4a9291d6-b87f-4f46-bedf-d24381f00873"
          ],
          "failures": [],
          "pending": [],
          "skipped": [],
          "duration": 351,
          "root": false,
          "rootEmpty": false,
          "_timeout": 2000
        },
        {
          "uuid": "77845d5a-40db-4349-9413-b37eaa924cc6",
          "title": "4 - Adicione à página um quadro de pixels, com 25 pixels.",
          "fullFile": "",
          "file": "",
          "beforeHooks": [],
          "afterHooks": [],
          "tests": [
            {
              "title": "Verifica se o quadro de pixels possui o `id` denominado `pixel-board`",
              "fullTitle": "4 - Adicione à página um quadro de pixels, com 25 pixels. Verifica se o quadro de pixels possui o `id` denominado `pixel-board`",
              "timedOut": null,
              "duration": 104,
              "state": "passed",
              "speed": "slow",
              "pass": true,
              "fail": false,
              "pending": false,
              "context": null,
              "code": "cy.get('#pixel-board').should('be.visible');",
              "err": {},
              "uuid": "23a96727-4de9-469f-b777-ba4bd6422dac",
              "parentUUID": "77845d5a-40db-4349-9413-b37eaa924cc6",
              "isHook": false,
              "skipped": false
            },
            {
              "title": "Verifica se cada pixel individual dentro do quadro possui a `classe` denominada `pixel`.",
              "fullTitle": "4 - Adicione à página um quadro de pixels, com 25 pixels. Verifica se cada pixel individual dentro do quadro possui a `classe` denominada `pixel`.",
              "timedOut": null,
              "duration": 250,
              "state": "passed",
              "speed": "slow",
              "pass": true,
              "fail": false,
              "pending": false,
              "context": null,
              "code": "cy.get('.pixel').should('have.length', 25);",
              "err": {},
              "uuid": "a90133fc-b890-40fd-8777-b5e0d3323eb9",
              "parentUUID": "77845d5a-40db-4349-9413-b37eaa924cc6",
              "isHook": false,
              "skipped": false
            },
            {
              "title": "Verifica se a cor inicial dos pixels dentro do quadro, ao abrir a página, é branca.",
              "fullTitle": "4 - Adicione à página um quadro de pixels, com 25 pixels. Verifica se a cor inicial dos pixels dentro do quadro, ao abrir a página, é branca.",
              "timedOut": null,
              "duration": 266,
              "state": "passed",
              "speed": "slow",
              "pass": true,
              "fail": false,
              "pending": false,
              "context": null,
              "code": "cy.get('.pixel').should('have.length', 25).each(function (pixel) {\n  expect(pixel).to.have.css('background-color', WHITE);\n});",
              "err": {},
              "uuid": "5a3d7797-40c0-47fd-962e-aceaeee2af20",
              "parentUUID": "77845d5a-40db-4349-9413-b37eaa924cc6",
              "isHook": false,
              "skipped": false
            },
            {
              "title": "Verifica se o quadro de pixels aparece abaixo da paleta de cores",
              "fullTitle": "4 - Adicione à página um quadro de pixels, com 25 pixels. Verifica se o quadro de pixels aparece abaixo da paleta de cores",
              "timedOut": null,
              "duration": 123,
              "state": "passed",
              "speed": "slow",
              "pass": true,
              "fail": false,
              "pending": false,
              "context": null,
              "code": "cy.get('#color-palette').then(function (palette) {\n  cy.get('#pixel-board').should('be.belowOf', palette);\n});",
              "err": {},
              "uuid": "1f35aed9-b6bc-4a72-989c-6c49aeb90d8f",
              "parentUUID": "77845d5a-40db-4349-9413-b37eaa924cc6",
              "isHook": false,
              "skipped": false
            }
          ],
          "suites": [],
          "passes": [
            "23a96727-4de9-469f-b777-ba4bd6422dac",
            "a90133fc-b890-40fd-8777-b5e0d3323eb9",
            "5a3d7797-40c0-47fd-962e-aceaeee2af20",
            "1f35aed9-b6bc-4a72-989c-6c49aeb90d8f"
          ],
          "failures": [],
          "pending": [],
          "skipped": [],
          "duration": 743,
          "root": false,
          "rootEmpty": false,
          "_timeout": 2000
        },
        {
          "uuid": "73c61bd4-031e-479a-aa86-26883e564faf",
          "title": "5 - Faça com que cada elemento do quadro de pixels possua 40 pixels de largura, 40 pixels de altura e seja delimitado por uma borda preta de 1 pixel.",
          "fullFile": "",
          "file": "",
          "beforeHooks": [],
          "afterHooks": [],
          "tests": [
            {
              "title": "Verifica se o quadro de pixels tem altura e comprimento de 5 elementos",
              "fullTitle": "5 - Faça com que cada elemento do quadro de pixels possua 40 pixels de largura, 40 pixels de altura e seja delimitado por uma borda preta de 1 pixel. Verifica se o quadro de pixels tem altura e comprimento de 5 elementos",
              "timedOut": null,
              "duration": 471,
              "state": "passed",
              "speed": "slow",
              "pass": true,
              "fail": false,
              "pending": false,
              "context": null,
              "code": "cy.get('.pixel').should('have.length', 25).each(function (pixel) {\n  expect(pixel).to.have.css('background-color', WHITE);\n}).and(function (pixels) {\n  var rows = chunk(pixels, 5);\n  rows.forEach(function (row) {\n    for (var index = 1; index < row.length; index += 1) {\n      var current = pixels[index];\n      var previous = pixels[index - 1];\n      cy.wrap(current).should('be.onTheRightOf', previous).and('be.horizontallyAlignedWith', previous);\n    }\n  });\n  for (var index = 1; index < 5; index += 1) {\n    expect(pixels[index * 5]).to.be.belowOf(pixels[(index - 1) * 5]);\n  }\n});",
              "err": {},
              "uuid": "368086b6-0ce1-476a-b6ab-abfba46bf3d7",
              "parentUUID": "73c61bd4-031e-479a-aa86-26883e564faf",
              "isHook": false,
              "skipped": false
            },
            {
              "title": "Verifica se 40 pixels é o tamanho total do elemento, incluindo seu conteúdo e excluindo a borda preta, que deve ser criada à parte.",
              "fullTitle": "5 - Faça com que cada elemento do quadro de pixels possua 40 pixels de largura, 40 pixels de altura e seja delimitado por uma borda preta de 1 pixel. Verifica se 40 pixels é o tamanho total do elemento, incluindo seu conteúdo e excluindo a borda preta, que deve ser criada à parte.",
              "timedOut": null,
              "duration": 363,
              "state": "passed",
              "speed": "slow",
              "pass": true,
              "fail": false,
              "pending": false,
              "context": null,
              "code": "cy.get('.pixel').each(function (pixel) {\n  cy.wrap(pixel).should('have.css', 'height', '40px').and('have.css', 'width', '40px').and('have.css', 'border', \"1px solid \".concat(BLACK));\n});",
              "err": {},
              "uuid": "0c869550-4fda-4879-ba57-f71fa8dabaa1",
              "parentUUID": "73c61bd4-031e-479a-aa86-26883e564faf",
              "isHook": false,
              "skipped": false
            }
          ],
          "suites": [],
          "passes": [
            "368086b6-0ce1-476a-b6ab-abfba46bf3d7",
            "0c869550-4fda-4879-ba57-f71fa8dabaa1"
          ],
          "failures": [],
          "pending": [],
          "skipped": [],
          "duration": 834,
          "root": false,
          "rootEmpty": false,
          "_timeout": 2000
        },
        {
          "uuid": "95df56e9-9b8f-4e9a-87a1-fc1898e4c780",
          "title": "6 - Defina a cor preta como cor inicial. Ao carregar a página a cor preta já deve estar selecionada para pintar os pixels",
          "fullFile": "",
          "file": "",
          "beforeHooks": [],
          "afterHooks": [],
          "tests": [
            {
              "title": "Verifica se o elemento da cor preta possui, inicialmente, a `classe` `selected`",
              "fullTitle": "6 - Defina a cor preta como cor inicial. Ao carregar a página a cor preta já deve estar selecionada para pintar os pixels Verifica se o elemento da cor preta possui, inicialmente, a `classe` `selected`",
              "timedOut": null,
              "duration": 191,
              "state": "passed",
              "speed": "slow",
              "pass": true,
              "fail": false,
              "pending": false,
              "context": null,
              "code": "cy.get('.selected').first().should('have.css', 'background-color', BLACK);",
              "err": {},
              "uuid": "37fb329d-7116-4443-b8bb-553b084fdf42",
              "parentUUID": "95df56e9-9b8f-4e9a-87a1-fc1898e4c780",
              "isHook": false,
              "skipped": false
            },
            {
              "title": "Verifica se nenhuma outra cor da paleta tem a `classe` `selected`",
              "fullTitle": "6 - Defina a cor preta como cor inicial. Ao carregar a página a cor preta já deve estar selecionada para pintar os pixels Verifica se nenhuma outra cor da paleta tem a `classe` `selected`",
              "timedOut": null,
              "duration": 105,
              "state": "passed",
              "speed": "slow",
              "pass": true,
              "fail": false,
              "pending": false,
              "context": null,
              "code": "cy.get('.color:not(:first-child)').each(function (color) {\n  cy.wrap(color).should('not.have.class', 'selected');\n});",
              "err": {},
              "uuid": "9be467a7-7974-4af1-b55d-18a60a9f35bd",
              "parentUUID": "95df56e9-9b8f-4e9a-87a1-fc1898e4c780",
              "isHook": false,
              "skipped": false
            }
          ],
          "suites": [],
          "passes": [
            "37fb329d-7116-4443-b8bb-553b084fdf42",
            "9be467a7-7974-4af1-b55d-18a60a9f35bd"
          ],
          "failures": [],
          "pending": [],
          "skipped": [],
          "duration": 296,
          "root": false,
          "rootEmpty": false,
          "_timeout": 2000
        },
        {
          "uuid": "4040ff1f-1aa4-4db5-aaff-91bd855bd997",
          "title": "7 - Clicar em uma das cores da paleta, faz com que ela seja selecionada e utilizada para preencher os pixels no quadro.",
          "fullFile": "",
          "file": "",
          "beforeHooks": [],
          "afterHooks": [],
          "tests": [
            {
              "title": "Verifica se somente uma cor da paleta de cores tem a classe `selected` de cada vez",
              "fullTitle": "7 - Clicar em uma das cores da paleta, faz com que ela seja selecionada e utilizada para preencher os pixels no quadro. Verifica se somente uma cor da paleta de cores tem a classe `selected` de cada vez",
              "timedOut": null,
              "duration": 573,
              "state": "passed",
              "speed": "slow",
              "pass": true,
              "fail": false,
              "pending": false,
              "context": null,
              "code": "cy.get('.color').each(function (selectedColor, selectedColorIndex) {\n  cy.wrap(selectedColor).click();\n  cy.get('.color').each(function (color, colorIndex) {\n    if (colorIndex === selectedColorIndex) {\n      expect(color).to.have[\"class\"]('selected');\n    } else {\n      expect(color).not.to.have[\"class\"]('selected');\n    }\n  });\n});",
              "err": {},
              "uuid": "0cce12a8-5c63-47c1-9b73-f7aa62a78a9d",
              "parentUUID": "4040ff1f-1aa4-4db5-aaff-91bd855bd997",
              "isHook": false,
              "skipped": false
            },
            {
              "title": "Verifica se os pixels dentro do quadro não têm a classe `selected` quando são clicados",
              "fullTitle": "7 - Clicar em uma das cores da paleta, faz com que ela seja selecionada e utilizada para preencher os pixels no quadro. Verifica se os pixels dentro do quadro não têm a classe `selected` quando são clicados",
              "timedOut": null,
              "duration": 9995,
              "state": "passed",
              "speed": "slow",
              "pass": true,
              "fail": false,
              "pending": false,
              "context": null,
              "code": "cy.get('.color').each(function (color) {\n  var backgroundColor = color.css('background-color');\n  cy.wrap(color).click();\n  cy.get('.pixel').each(function (pixel) {\n    cy.wrap(pixel).click().should('not.have.class', 'selected');\n  });\n});",
              "err": {},
              "uuid": "3cbe6d2d-e282-44ed-a118-1e4427574b8b",
              "parentUUID": "4040ff1f-1aa4-4db5-aaff-91bd855bd997",
              "isHook": false,
              "skipped": false
            }
          ],
          "suites": [],
          "passes": [
            "0cce12a8-5c63-47c1-9b73-f7aa62a78a9d",
            "3cbe6d2d-e282-44ed-a118-1e4427574b8b"
          ],
          "failures": [],
          "pending": [],
          "skipped": [],
          "duration": 10568,
          "root": false,
          "rootEmpty": false,
          "_timeout": 2000
        },
        {
          "uuid": "675a45eb-b8eb-42ab-b356-34c145bd0a8f",
          "title": "8 - Clicar em um pixel dentro do quadro após selecionar uma cor na paleta, faz com que o pixel seja preenchido com a cor selecionada.",
          "fullFile": "",
          "file": "",
          "beforeHooks": [],
          "afterHooks": [],
          "tests": [
            {
              "title": "Verifica se ao carregar a página deve ser possível pintar os pixels de preto",
              "fullTitle": "8 - Clicar em um pixel dentro do quadro após selecionar uma cor na paleta, faz com que o pixel seja preenchido com a cor selecionada. Verifica se ao carregar a página deve ser possível pintar os pixels de preto",
              "timedOut": null,
              "duration": 4454,
              "state": "failed",
              "speed": null,
              "pass": false,
              "fail": true,
              "pending": false,
              "context": null,
              "code": "cy.get('.pixel').each(function (pixel) {\n  cy.wrap(pixel).click().should('have.css', 'background-color', BLACK);\n});",
              "err": {
                "message": "CypressError: Timed out retrying: expected '<div.pixel>' to have CSS property 'background-color' with the value 'rgb(0, 0, 0)', but the value was 'rgb(255, 255, 255)'",
                "estack": "CypressError: Timed out retrying: expected '<div.pixel>' to have CSS property 'background-color' with the value 'rgb(0, 0, 0)', but the value was 'rgb(255, 255, 255)'\n    at cypressErr (http://localhost:40727/__cypress/runner/cypress_runner.js:149934:9)\n    at throwErr (http://localhost:40727/__cypress/runner/cypress_runner.js:149867:11)\n    at Object.throwErrByPath (http://localhost:40727/__cypress/runner/cypress_runner.js:149915:3)\n    at retry (http://localhost:40727/__cypress/runner/cypress_runner.js:144197:19)\n    at onFailFn (http://localhost:40727/__cypress/runner/cypress_runner.js:132448:16)\n    at tryCatcher (http://localhost:40727/__cypress/runner/cypress_runner.js:167415:23)\n    at Promise._settlePromiseFromHandler (http://localhost:40727/__cypress/runner/cypress_runner.js:165351:31)\n    at Promise._settlePromise (http://localhost:40727/__cypress/runner/cypress_runner.js:165408:18)\n    at Promise._settlePromise0 (http://localhost:40727/__cypress/runner/cypress_runner.js:165453:10)\n    at Promise._settlePromises (http://localhost:40727/__cypress/runner/cypress_runner.js:165528:18)\n    at Async../node_modules/bluebird/js/release/async.js.Async._drainQueue (http://localhost:40727/__cypress/runner/cypress_runner.js:162140:16)\n    at Async../node_modules/bluebird/js/release/async.js.Async._drainQueues (http://localhost:40727/__cypress/runner/cypress_runner.js:162150:10)\n    at Async.drainQueues (http://localhost:40727/__cypress/runner/cypress_runner.js:162024:14)",
                "diff": null
              },
              "uuid": "0698244a-6328-47de-9e3b-4f382087e93f",
              "parentUUID": "675a45eb-b8eb-42ab-b356-34c145bd0a8f",
              "isHook": false,
              "skipped": false
            },
            {
              "title": "Verifica se após selecionar uma outra cor na paleta, é possível pintar os pixels com essa cor",
              "fullTitle": "8 - Clicar em um pixel dentro do quadro após selecionar uma cor na paleta, faz com que o pixel seja preenchido com a cor selecionada. Verifica se após selecionar uma outra cor na paleta, é possível pintar os pixels com essa cor",
              "timedOut": null,
              "duration": 4626,
              "state": "failed",
              "speed": null,
              "pass": false,
              "fail": true,
              "pending": false,
              "context": null,
              "code": "cy.get('.color').each(function (color) {\n  var backgroundColor = color.css('background-color');\n  cy.wrap(color).click();\n  cy.get('.pixel').each(function (pixel) {\n    cy.wrap(pixel).click().should('have.css', 'background-color', backgroundColor);\n  });\n});",
              "err": {
                "message": "CypressError: Timed out retrying: expected '<div.pixel>' to have CSS property 'background-color' with the value 'rgb(0, 0, 0)', but the value was 'rgb(255, 255, 255)'",
                "estack": "CypressError: Timed out retrying: expected '<div.pixel>' to have CSS property 'background-color' with the value 'rgb(0, 0, 0)', but the value was 'rgb(255, 255, 255)'\n    at cypressErr (http://localhost:40727/__cypress/runner/cypress_runner.js:149934:9)\n    at throwErr (http://localhost:40727/__cypress/runner/cypress_runner.js:149867:11)\n    at Object.throwErrByPath (http://localhost:40727/__cypress/runner/cypress_runner.js:149915:3)\n    at retry (http://localhost:40727/__cypress/runner/cypress_runner.js:144197:19)\n    at onFailFn (http://localhost:40727/__cypress/runner/cypress_runner.js:132448:16)\n    at tryCatcher (http://localhost:40727/__cypress/runner/cypress_runner.js:167415:23)\n    at Promise._settlePromiseFromHandler (http://localhost:40727/__cypress/runner/cypress_runner.js:165351:31)\n    at Promise._settlePromise (http://localhost:40727/__cypress/runner/cypress_runner.js:165408:18)\n    at Promise._settlePromise0 (http://localhost:40727/__cypress/runner/cypress_runner.js:165453:10)\n    at Promise._settlePromises (http://localhost:40727/__cypress/runner/cypress_runner.js:165528:18)\n    at Async../node_modules/bluebird/js/release/async.js.Async._drainQueue (http://localhost:40727/__cypress/runner/cypress_runner.js:162140:16)\n    at Async../node_modules/bluebird/js/release/async.js.Async._drainQueues (http://localhost:40727/__cypress/runner/cypress_runner.js:162150:10)\n    at Async.drainQueues (http://localhost:40727/__cypress/runner/cypress_runner.js:162024:14)",
                "diff": null
              },
              "uuid": "7d56b05d-ede3-4892-a36c-aa9be16c5a83",
              "parentUUID": "675a45eb-b8eb-42ab-b356-34c145bd0a8f",
              "isHook": false,
              "skipped": false
            },
            {
              "title": "Verifica se somente o pixel que foi clicado foi preenchido com a cor selecionada, sem influenciar na cor dos demais pixels.",
              "fullTitle": "8 - Clicar em um pixel dentro do quadro após selecionar uma cor na paleta, faz com que o pixel seja preenchido com a cor selecionada. Verifica se somente o pixel que foi clicado foi preenchido com a cor selecionada, sem influenciar na cor dos demais pixels.",
              "timedOut": null,
              "duration": 1801,
              "state": "passed",
              "speed": "slow",
              "pass": true,
              "fail": false,
              "pending": false,
              "context": null,
              "code": "var colorToPixelIndexMap = {\n  0: 6,\n  1: 8,\n  2: 16,\n  3: 18\n};\ncy.get('.color').each(function (color, index) {\n  cy.wrap(color).click();\n  var backgroundColor = color.css('background-color');\n  var clickedPixelIndex = colorToPixelIndexMap[index];\n  cy.get('.pixel').eq(clickedPixelIndex).click();\n  cy.get('.pixel').eq(clickedPixelIndex - 1).should('not.have.css', 'background-color', backgroundColor);\n  cy.get('.pixel').eq(clickedPixelIndex + 1).should('not.have.css', 'background-color', backgroundColor);\n  cy.get('.pixel').eq(clickedPixelIndex - 5).should('not.have.css', 'background-color', backgroundColor);\n  cy.get('.pixel').eq(clickedPixelIndex + 5).should('not.have.css', 'background-color', backgroundColor);\n  cy.get('.pixel').eq(clickedPixelIndex - 6).should('not.have.css', 'background-color', backgroundColor);\n  cy.get('.pixel').eq(clickedPixelIndex - 4).should('not.have.css', 'background-color', backgroundColor);\n  cy.get('.pixel').eq(clickedPixelIndex + 4).should('not.have.css', 'background-color', backgroundColor);\n  cy.get('.pixel').eq(clickedPixelIndex + 6).should('not.have.css', 'background-color', backgroundColor);\n});",
              "err": {},
              "uuid": "f516503a-4101-4584-9882-2d7d9a6ab04e",
              "parentUUID": "675a45eb-b8eb-42ab-b356-34c145bd0a8f",
              "isHook": false,
              "skipped": false
            }
          ],
          "suites": [],
          "passes": [
            "f516503a-4101-4584-9882-2d7d9a6ab04e"
          ],
          "failures": [
            "0698244a-6328-47de-9e3b-4f382087e93f",
            "7d56b05d-ede3-4892-a36c-aa9be16c5a83"
          ],
          "pending": [],
          "skipped": [],
          "duration": 10881,
          "root": false,
          "rootEmpty": false,
          "_timeout": 2000
        },
        {
          "uuid": "e3f864de-b6fd-4e88-aecd-e13e1c9168c8",
          "title": "9 - Crie um botão que, ao ser clicado, limpa o quadro preenchendo a cor de todos seus pixels com branco.",
          "fullFile": "",
          "file": "",
          "beforeHooks": [],
          "afterHooks": [],
          "tests": [
            {
              "title": "Verifica se o botão tem o `id` denominado `clear-board`",
              "fullTitle": "9 - Crie um botão que, ao ser clicado, limpa o quadro preenchendo a cor de todos seus pixels com branco. Verifica se o botão tem o `id` denominado `clear-board`",
              "timedOut": null,
              "duration": 4365,
              "state": "failed",
              "speed": null,
              "pass": false,
              "fail": true,
              "pending": false,
              "context": null,
              "code": "cy.get('#clear-board').should('be.visible');",
              "err": {
                "message": "CypressError: Timed out retrying: Expected to find element: '#clear-board', but never found it.",
                "estack": "CypressError: Timed out retrying: Expected to find element: '#clear-board', but never found it.\n    at cypressErr (http://localhost:40727/__cypress/runner/cypress_runner.js:149934:9)\n    at throwErr (http://localhost:40727/__cypress/runner/cypress_runner.js:149867:11)\n    at Object.throwErrByPath (http://localhost:40727/__cypress/runner/cypress_runner.js:149915:3)\n    at retry (http://localhost:40727/__cypress/runner/cypress_runner.js:144197:19)\n    at onFailFn (http://localhost:40727/__cypress/runner/cypress_runner.js:132448:16)\n    at tryCatcher (http://localhost:40727/__cypress/runner/cypress_runner.js:167415:23)\n    at Promise._settlePromiseFromHandler (http://localhost:40727/__cypress/runner/cypress_runner.js:165351:31)\n    at Promise._settlePromise (http://localhost:40727/__cypress/runner/cypress_runner.js:165408:18)\n    at Promise._settlePromise0 (http://localhost:40727/__cypress/runner/cypress_runner.js:165453:10)\n    at Promise._settlePromises (http://localhost:40727/__cypress/runner/cypress_runner.js:165528:18)\n    at Async../node_modules/bluebird/js/release/async.js.Async._drainQueue (http://localhost:40727/__cypress/runner/cypress_runner.js:162140:16)\n    at Async../node_modules/bluebird/js/release/async.js.Async._drainQueues (http://localhost:40727/__cypress/runner/cypress_runner.js:162150:10)\n    at Async.drainQueues (http://localhost:40727/__cypress/runner/cypress_runner.js:162024:14)",
                "diff": null
              },
              "uuid": "c08d7d72-d440-44de-ad01-b4f15385fe08",
              "parentUUID": "e3f864de-b6fd-4e88-aecd-e13e1c9168c8",
              "isHook": false,
              "skipped": false
            },
            {
              "title": "Verifica se o botão está posicionado entre a paleta de cores e o quadro de pixels",
              "fullTitle": "9 - Crie um botão que, ao ser clicado, limpa o quadro preenchendo a cor de todos seus pixels com branco. Verifica se o botão está posicionado entre a paleta de cores e o quadro de pixels",
              "timedOut": null,
              "duration": 4440,
              "state": "failed",
              "speed": null,
              "pass": false,
              "fail": true,
              "pending": false,
              "context": null,
              "code": "cy.get('#color-palette').then(function (palette) {\n  cy.get('#clear-board').should('be.belowOf', palette);\n});\ncy.get('#clear-board').then(function (clearBtn) {\n  cy.get('#pixel-board').should('be.belowOf', clearBtn);\n});",
              "err": {
                "message": "CypressError: Timed out retrying: Expected to find element: '#clear-board', but never found it.",
                "estack": "CypressError: Timed out retrying: Expected to find element: '#clear-board', but never found it.\n    at cypressErr (http://localhost:40727/__cypress/runner/cypress_runner.js:149934:9)\n    at throwErr (http://localhost:40727/__cypress/runner/cypress_runner.js:149867:11)\n    at Object.throwErrByPath (http://localhost:40727/__cypress/runner/cypress_runner.js:149915:3)\n    at retry (http://localhost:40727/__cypress/runner/cypress_runner.js:144197:19)\n    at onFailFn (http://localhost:40727/__cypress/runner/cypress_runner.js:132448:16)\n    at tryCatcher (http://localhost:40727/__cypress/runner/cypress_runner.js:167415:23)\n    at Promise._settlePromiseFromHandler (http://localhost:40727/__cypress/runner/cypress_runner.js:165351:31)\n    at Promise._settlePromise (http://localhost:40727/__cypress/runner/cypress_runner.js:165408:18)\n    at Promise._settlePromise0 (http://localhost:40727/__cypress/runner/cypress_runner.js:165453:10)\n    at Promise._settlePromises (http://localhost:40727/__cypress/runner/cypress_runner.js:165528:18)\n    at Async../node_modules/bluebird/js/release/async.js.Async._drainQueue (http://localhost:40727/__cypress/runner/cypress_runner.js:162140:16)\n    at Async../node_modules/bluebird/js/release/async.js.Async._drainQueues (http://localhost:40727/__cypress/runner/cypress_runner.js:162150:10)\n    at Async.drainQueues (http://localhost:40727/__cypress/runner/cypress_runner.js:162024:14)",
                "diff": null
              },
              "uuid": "5081778d-7816-489a-9df5-690ada1e5f20",
              "parentUUID": "e3f864de-b6fd-4e88-aecd-e13e1c9168c8",
              "isHook": false,
              "skipped": false
            },
            {
              "title": "Verifica se o texto do botão é 'Limpar'",
              "fullTitle": "9 - Crie um botão que, ao ser clicado, limpa o quadro preenchendo a cor de todos seus pixels com branco. Verifica se o texto do botão é 'Limpar'",
              "timedOut": null,
              "duration": 4538,
              "state": "failed",
              "speed": null,
              "pass": false,
              "fail": true,
              "pending": false,
              "context": null,
              "code": "cy.get('#clear-board').should('contain.text', 'Limpar');",
              "err": {
                "message": "CypressError: Timed out retrying: Expected to find element: '#clear-board', but never found it.",
                "estack": "CypressError: Timed out retrying: Expected to find element: '#clear-board', but never found it.\n    at cypressErr (http://localhost:40727/__cypress/runner/cypress_runner.js:149934:9)\n    at throwErr (http://localhost:40727/__cypress/runner/cypress_runner.js:149867:11)\n    at Object.throwErrByPath (http://localhost:40727/__cypress/runner/cypress_runner.js:149915:3)\n    at retry (http://localhost:40727/__cypress/runner/cypress_runner.js:144197:19)\n    at onFailFn (http://localhost:40727/__cypress/runner/cypress_runner.js:132448:16)\n    at tryCatcher (http://localhost:40727/__cypress/runner/cypress_runner.js:167415:23)\n    at Promise._settlePromiseFromHandler (http://localhost:40727/__cypress/runner/cypress_runner.js:165351:31)\n    at Promise._settlePromise (http://localhost:40727/__cypress/runner/cypress_runner.js:165408:18)\n    at Promise._settlePromise0 (http://localhost:40727/__cypress/runner/cypress_runner.js:165453:10)\n    at Promise._settlePromises (http://localhost:40727/__cypress/runner/cypress_runner.js:165528:18)\n    at Async../node_modules/bluebird/js/release/async.js.Async._drainQueue (http://localhost:40727/__cypress/runner/cypress_runner.js:162140:16)\n    at Async../node_modules/bluebird/js/release/async.js.Async._drainQueues (http://localhost:40727/__cypress/runner/cypress_runner.js:162150:10)\n    at Async.drainQueues (http://localhost:40727/__cypress/runner/cypress_runner.js:162024:14)",
                "diff": null
              },
              "uuid": "ac0c8e43-5d53-42d4-8037-11e620a89dea",
              "parentUUID": "e3f864de-b6fd-4e88-aecd-e13e1c9168c8",
              "isHook": false,
              "skipped": false
            },
            {
              "title": "Verifica se ao clicar no botão, o quadro de pixels é totalmente preenchido de branco",
              "fullTitle": "9 - Crie um botão que, ao ser clicado, limpa o quadro preenchendo a cor de todos seus pixels com branco. Verifica se ao clicar no botão, o quadro de pixels é totalmente preenchido de branco",
              "timedOut": null,
              "duration": 4700,
              "state": "failed",
              "speed": null,
              "pass": false,
              "fail": true,
              "pending": false,
              "context": null,
              "code": "cy.get('.color').eq(1).then(function (color) {\n  var backgroundColor = color.css('background-color');\n  cy.wrap(color).click();\n  cy.get('.pixel').each(function (pixel) {\n    cy.wrap(pixel).click().should('have.css', 'background-color', backgroundColor);\n  });\n});\ncy.get('#clear-board').click();\ncy.get('.pixel').each(function (pixel) {\n  cy.wrap(pixel).should('have.css', 'background-color', WHITE);\n});",
              "err": {
                "message": "CypressError: Timed out retrying: expected '<div.pixel>' to have CSS property 'background-color' with the value 'rgb(255, 0, 0)', but the value was 'rgb(255, 255, 255)'",
                "estack": "CypressError: Timed out retrying: expected '<div.pixel>' to have CSS property 'background-color' with the value 'rgb(255, 0, 0)', but the value was 'rgb(255, 255, 255)'\n    at cypressErr (http://localhost:40727/__cypress/runner/cypress_runner.js:149934:9)\n    at throwErr (http://localhost:40727/__cypress/runner/cypress_runner.js:149867:11)\n    at Object.throwErrByPath (http://localhost:40727/__cypress/runner/cypress_runner.js:149915:3)\n    at retry (http://localhost:40727/__cypress/runner/cypress_runner.js:144197:19)\n    at onFailFn (http://localhost:40727/__cypress/runner/cypress_runner.js:132448:16)\n    at tryCatcher (http://localhost:40727/__cypress/runner/cypress_runner.js:167415:23)\n    at Promise._settlePromiseFromHandler (http://localhost:40727/__cypress/runner/cypress_runner.js:165351:31)\n    at Promise._settlePromise (http://localhost:40727/__cypress/runner/cypress_runner.js:165408:18)\n    at Promise._settlePromise0 (http://localhost:40727/__cypress/runner/cypress_runner.js:165453:10)\n    at Promise._settlePromises (http://localhost:40727/__cypress/runner/cypress_runner.js:165528:18)\n    at Async../node_modules/bluebird/js/release/async.js.Async._drainQueue (http://localhost:40727/__cypress/runner/cypress_runner.js:162140:16)\n    at Async../node_modules/bluebird/js/release/async.js.Async._drainQueues (http://localhost:40727/__cypress/runner/cypress_runner.js:162150:10)\n    at Async.drainQueues (http://localhost:40727/__cypress/runner/cypress_runner.js:162024:14)",
                "diff": null
              },
              "uuid": "a8d629c6-77b7-4656-a39e-f9bed4df923e",
              "parentUUID": "e3f864de-b6fd-4e88-aecd-e13e1c9168c8",
              "isHook": false,
              "skipped": false
            }
          ],
          "suites": [],
          "passes": [],
          "failures": [
            "c08d7d72-d440-44de-ad01-b4f15385fe08",
            "5081778d-7816-489a-9df5-690ada1e5f20",
            "ac0c8e43-5d53-42d4-8037-11e620a89dea",
            "a8d629c6-77b7-4656-a39e-f9bed4df923e"
          ],
          "pending": [],
          "skipped": [],
          "duration": 18043,
          "root": false,
          "rootEmpty": false,
          "_timeout": 2000
        },
        {
          "uuid": "1e48f059-b0e8-486f-8997-e0c9345eff76",
          "title": "10 - Faça o quadro de pixels ter seu tamanho definido pelo usuário.",
          "fullFile": "",
          "file": "",
          "beforeHooks": [],
          "afterHooks": [],
          "tests": [
            {
              "title": "Verifica se existe um input com o id `board-size`",
              "fullTitle": "10 - Faça o quadro de pixels ter seu tamanho definido pelo usuário. Verifica se existe um input com o id `board-size`",
              "timedOut": null,
              "duration": 4442,
              "state": "failed",
              "speed": null,
              "pass": false,
              "fail": true,
              "pending": false,
              "context": null,
              "code": "cy.get('#board-size').should('be.visible');",
              "err": {
                "message": "CypressError: Timed out retrying: Expected to find element: '#board-size', but never found it.",
                "estack": "CypressError: Timed out retrying: Expected to find element: '#board-size', but never found it.\n    at cypressErr (http://localhost:40727/__cypress/runner/cypress_runner.js:149934:9)\n    at throwErr (http://localhost:40727/__cypress/runner/cypress_runner.js:149867:11)\n    at Object.throwErrByPath (http://localhost:40727/__cypress/runner/cypress_runner.js:149915:3)\n    at retry (http://localhost:40727/__cypress/runner/cypress_runner.js:144197:19)\n    at onFailFn (http://localhost:40727/__cypress/runner/cypress_runner.js:132448:16)\n    at tryCatcher (http://localhost:40727/__cypress/runner/cypress_runner.js:167415:23)\n    at Promise._settlePromiseFromHandler (http://localhost:40727/__cypress/runner/cypress_runner.js:165351:31)\n    at Promise._settlePromise (http://localhost:40727/__cypress/runner/cypress_runner.js:165408:18)\n    at Promise._settlePromise0 (http://localhost:40727/__cypress/runner/cypress_runner.js:165453:10)\n    at Promise._settlePromises (http://localhost:40727/__cypress/runner/cypress_runner.js:165528:18)\n    at Async../node_modules/bluebird/js/release/async.js.Async._drainQueue (http://localhost:40727/__cypress/runner/cypress_runner.js:162140:16)\n    at Async../node_modules/bluebird/js/release/async.js.Async._drainQueues (http://localhost:40727/__cypress/runner/cypress_runner.js:162150:10)\n    at Async.drainQueues (http://localhost:40727/__cypress/runner/cypress_runner.js:162024:14)",
                "diff": null
              },
              "uuid": "a711fea7-91af-43e4-9b39-adbe3bad2156",
              "parentUUID": "1e48f059-b0e8-486f-8997-e0c9345eff76",
              "isHook": false,
              "skipped": false
            },
            {
              "title": "Verifica se existe um botão com o id `generate-board`",
              "fullTitle": "10 - Faça o quadro de pixels ter seu tamanho definido pelo usuário. Verifica se existe um botão com o id `generate-board`",
              "timedOut": null,
              "duration": 4513,
              "state": "failed",
              "speed": null,
              "pass": false,
              "fail": true,
              "pending": false,
              "context": null,
              "code": "cy.get('#generate-board').should('be.visible');",
              "err": {
                "message": "CypressError: Timed out retrying: Expected to find element: '#generate-board', but never found it.",
                "estack": "CypressError: Timed out retrying: Expected to find element: '#generate-board', but never found it.\n    at cypressErr (http://localhost:40727/__cypress/runner/cypress_runner.js:149934:9)\n    at throwErr (http://localhost:40727/__cypress/runner/cypress_runner.js:149867:11)\n    at Object.throwErrByPath (http://localhost:40727/__cypress/runner/cypress_runner.js:149915:3)\n    at retry (http://localhost:40727/__cypress/runner/cypress_runner.js:144197:19)\n    at onFailFn (http://localhost:40727/__cypress/runner/cypress_runner.js:132448:16)\n    at tryCatcher (http://localhost:40727/__cypress/runner/cypress_runner.js:167415:23)\n    at Promise._settlePromiseFromHandler (http://localhost:40727/__cypress/runner/cypress_runner.js:165351:31)\n    at Promise._settlePromise (http://localhost:40727/__cypress/runner/cypress_runner.js:165408:18)\n    at Promise._settlePromise0 (http://localhost:40727/__cypress/runner/cypress_runner.js:165453:10)\n    at Promise._settlePromises (http://localhost:40727/__cypress/runner/cypress_runner.js:165528:18)\n    at Async../node_modules/bluebird/js/release/async.js.Async._drainQueue (http://localhost:40727/__cypress/runner/cypress_runner.js:162140:16)\n    at Async../node_modules/bluebird/js/release/async.js.Async._drainQueues (http://localhost:40727/__cypress/runner/cypress_runner.js:162150:10)\n    at Async.drainQueues (http://localhost:40727/__cypress/runner/cypress_runner.js:162024:14)",
                "diff": null
              },
              "uuid": "84334021-e4f8-4645-b357-b01aa9521e6e",
              "parentUUID": "1e48f059-b0e8-486f-8997-e0c9345eff76",
              "isHook": false,
              "skipped": false
            },
            {
              "title": "Verifica se o input só aceita número maiores que zero. Essa restrição deve ser feita usando os atributos do elemento `input`",
              "fullTitle": "10 - Faça o quadro de pixels ter seu tamanho definido pelo usuário. Verifica se o input só aceita número maiores que zero. Essa restrição deve ser feita usando os atributos do elemento `input`",
              "timedOut": null,
              "duration": 4516,
              "state": "failed",
              "speed": null,
              "pass": false,
              "fail": true,
              "pending": false,
              "context": null,
              "code": "cy.get('#board-size[type=\\'number\\'][min=\\'1\\']');",
              "err": {
                "message": "CypressError: Timed out retrying: Expected to find element: '#board-size[type='number'][min='1']', but never found it.",
                "estack": "CypressError: Timed out retrying: Expected to find element: '#board-size[type='number'][min='1']', but never found it.\n    at cypressErr (http://localhost:40727/__cypress/runner/cypress_runner.js:149934:9)\n    at throwErr (http://localhost:40727/__cypress/runner/cypress_runner.js:149867:11)\n    at Object.throwErrByPath (http://localhost:40727/__cypress/runner/cypress_runner.js:149915:3)\n    at retry (http://localhost:40727/__cypress/runner/cypress_runner.js:144197:19)\n    at onFailFn (http://localhost:40727/__cypress/runner/cypress_runner.js:132448:16)\n    at tryCatcher (http://localhost:40727/__cypress/runner/cypress_runner.js:167415:23)\n    at Promise._settlePromiseFromHandler (http://localhost:40727/__cypress/runner/cypress_runner.js:165351:31)\n    at Promise._settlePromise (http://localhost:40727/__cypress/runner/cypress_runner.js:165408:18)\n    at Promise._settlePromise0 (http://localhost:40727/__cypress/runner/cypress_runner.js:165453:10)\n    at Promise._settlePromises (http://localhost:40727/__cypress/runner/cypress_runner.js:165528:18)\n    at Async../node_modules/bluebird/js/release/async.js.Async._drainQueue (http://localhost:40727/__cypress/runner/cypress_runner.js:162140:16)\n    at Async../node_modules/bluebird/js/release/async.js.Async._drainQueues (http://localhost:40727/__cypress/runner/cypress_runner.js:162150:10)\n    at Async.drainQueues (http://localhost:40727/__cypress/runner/cypress_runner.js:162024:14)",
                "diff": null
              },
              "uuid": "72909097-eed9-4c62-ac97-53e92385bbb0",
              "parentUUID": "1e48f059-b0e8-486f-8997-e0c9345eff76",
              "isHook": false,
              "skipped": false
            },
            {
              "title": "Verifica se o botão contém o texto 'VQV'",
              "fullTitle": "10 - Faça o quadro de pixels ter seu tamanho definido pelo usuário. Verifica se o botão contém o texto 'VQV'",
              "timedOut": null,
              "duration": 4424,
              "state": "failed",
              "speed": null,
              "pass": false,
              "fail": true,
              "pending": false,
              "context": null,
              "code": "cy.get('#generate-board').contains(/vqv/i);",
              "err": {
                "message": "CypressError: Timed out retrying: Expected to find element: '#generate-board', but never found it.",
                "estack": "CypressError: Timed out retrying: Expected to find element: '#generate-board', but never found it.\n    at cypressErr (http://localhost:40727/__cypress/runner/cypress_runner.js:149934:9)\n    at throwErr (http://localhost:40727/__cypress/runner/cypress_runner.js:149867:11)\n    at Object.throwErrByPath (http://localhost:40727/__cypress/runner/cypress_runner.js:149915:3)\n    at retry (http://localhost:40727/__cypress/runner/cypress_runner.js:144197:19)\n    at onFailFn (http://localhost:40727/__cypress/runner/cypress_runner.js:132448:16)\n    at tryCatcher (http://localhost:40727/__cypress/runner/cypress_runner.js:167415:23)\n    at Promise._settlePromiseFromHandler (http://localhost:40727/__cypress/runner/cypress_runner.js:165351:31)\n    at Promise._settlePromise (http://localhost:40727/__cypress/runner/cypress_runner.js:165408:18)\n    at Promise._settlePromise0 (http://localhost:40727/__cypress/runner/cypress_runner.js:165453:10)\n    at Promise._settlePromises (http://localhost:40727/__cypress/runner/cypress_runner.js:165528:18)\n    at Async../node_modules/bluebird/js/release/async.js.Async._drainQueue (http://localhost:40727/__cypress/runner/cypress_runner.js:162140:16)\n    at Async../node_modules/bluebird/js/release/async.js.Async._drainQueues (http://localhost:40727/__cypress/runner/cypress_runner.js:162150:10)\n    at Async.drainQueues (http://localhost:40727/__cypress/runner/cypress_runner.js:162024:14)",
                "diff": null
              },
              "uuid": "34d83544-f6b8-45df-b2f7-7207ee219495",
              "parentUUID": "1e48f059-b0e8-486f-8997-e0c9345eff76",
              "isHook": false,
              "skipped": false
            },
            {
              "title": "Verifica se o input está posicionado entre a paleta de cores e o quadro de pixels",
              "fullTitle": "10 - Faça o quadro de pixels ter seu tamanho definido pelo usuário. Verifica se o input está posicionado entre a paleta de cores e o quadro de pixels",
              "timedOut": null,
              "duration": 4549,
              "state": "failed",
              "speed": null,
              "pass": false,
              "fail": true,
              "pending": false,
              "context": null,
              "code": "cy.get('#color-palette').then(function (palette) {\n  cy.get('#board-size').should('be.belowOf', palette);\n});\ncy.get('#board-size').then(function (palette) {\n  cy.get('#pixel-board').should('be.belowOf', palette);\n});",
              "err": {
                "message": "CypressError: Timed out retrying: Expected to find element: '#board-size', but never found it.",
                "estack": "CypressError: Timed out retrying: Expected to find element: '#board-size', but never found it.\n    at cypressErr (http://localhost:40727/__cypress/runner/cypress_runner.js:149934:9)\n    at throwErr (http://localhost:40727/__cypress/runner/cypress_runner.js:149867:11)\n    at Object.throwErrByPath (http://localhost:40727/__cypress/runner/cypress_runner.js:149915:3)\n    at retry (http://localhost:40727/__cypress/runner/cypress_runner.js:144197:19)\n    at onFailFn (http://localhost:40727/__cypress/runner/cypress_runner.js:132448:16)\n    at tryCatcher (http://localhost:40727/__cypress/runner/cypress_runner.js:167415:23)\n    at Promise._settlePromiseFromHandler (http://localhost:40727/__cypress/runner/cypress_runner.js:165351:31)\n    at Promise._settlePromise (http://localhost:40727/__cypress/runner/cypress_runner.js:165408:18)\n    at Promise._settlePromise0 (http://localhost:40727/__cypress/runner/cypress_runner.js:165453:10)\n    at Promise._settlePromises (http://localhost:40727/__cypress/runner/cypress_runner.js:165528:18)\n    at Async../node_modules/bluebird/js/release/async.js.Async._drainQueue (http://localhost:40727/__cypress/runner/cypress_runner.js:162140:16)\n    at Async../node_modules/bluebird/js/release/async.js.Async._drainQueues (http://localhost:40727/__cypress/runner/cypress_runner.js:162150:10)\n    at Async.drainQueues (http://localhost:40727/__cypress/runner/cypress_runner.js:162024:14)",
                "diff": null
              },
              "uuid": "6f4ffdc5-4d23-4228-9111-894a53fe13b6",
              "parentUUID": "1e48f059-b0e8-486f-8997-e0c9345eff76",
              "isHook": false,
              "skipped": false
            },
            {
              "title": "Verifica se o botão está posicionado ao lado do input",
              "fullTitle": "10 - Faça o quadro de pixels ter seu tamanho definido pelo usuário. Verifica se o botão está posicionado ao lado do input",
              "timedOut": null,
              "duration": 4507,
              "state": "failed",
              "speed": null,
              "pass": false,
              "fail": true,
              "pending": false,
              "context": null,
              "code": "cy.get('#board-size').then(function (board) {\n  cy.get('#generate-board').should('be.onTheRightOf', board);\n});",
              "err": {
                "message": "CypressError: Timed out retrying: Expected to find element: '#board-size', but never found it.",
                "estack": "CypressError: Timed out retrying: Expected to find element: '#board-size', but never found it.\n    at cypressErr (http://localhost:40727/__cypress/runner/cypress_runner.js:149934:9)\n    at throwErr (http://localhost:40727/__cypress/runner/cypress_runner.js:149867:11)\n    at Object.throwErrByPath (http://localhost:40727/__cypress/runner/cypress_runner.js:149915:3)\n    at retry (http://localhost:40727/__cypress/runner/cypress_runner.js:144197:19)\n    at onFailFn (http://localhost:40727/__cypress/runner/cypress_runner.js:132448:16)\n    at tryCatcher (http://localhost:40727/__cypress/runner/cypress_runner.js:167415:23)\n    at Promise._settlePromiseFromHandler (http://localhost:40727/__cypress/runner/cypress_runner.js:165351:31)\n    at Promise._settlePromise (http://localhost:40727/__cypress/runner/cypress_runner.js:165408:18)\n    at Promise._settlePromise0 (http://localhost:40727/__cypress/runner/cypress_runner.js:165453:10)\n    at Promise._settlePromises (http://localhost:40727/__cypress/runner/cypress_runner.js:165528:18)\n    at Async../node_modules/bluebird/js/release/async.js.Async._drainQueue (http://localhost:40727/__cypress/runner/cypress_runner.js:162140:16)\n    at Async../node_modules/bluebird/js/release/async.js.Async._drainQueues (http://localhost:40727/__cypress/runner/cypress_runner.js:162150:10)\n    at Async.drainQueues (http://localhost:40727/__cypress/runner/cypress_runner.js:162024:14)",
                "diff": null
              },
              "uuid": "a465de08-b894-485b-91b3-38d93439c5b5",
              "parentUUID": "1e48f059-b0e8-486f-8997-e0c9345eff76",
              "isHook": false,
              "skipped": false
            },
            {
              "title": "Verifica se nenhum valor for colocado no input ao clicar no botão, um `alert` é exibido com o texto: 'Board inválido!'",
              "fullTitle": "10 - Faça o quadro de pixels ter seu tamanho definido pelo usuário. Verifica se nenhum valor for colocado no input ao clicar no botão, um `alert` é exibido com o texto: 'Board inválido!'",
              "timedOut": null,
              "duration": 4453,
              "state": "failed",
              "speed": null,
              "pass": false,
              "fail": true,
              "pending": false,
              "context": null,
              "code": "var alerted = false;\ncy.on('window:alert', function (msg) {\n  return alerted = msg;\n});\ncy.get('#generate-board').click().then(function () {\n  return expect(alerted).to.match(/Board inválido!/i);\n});",
              "err": {
                "message": "CypressError: Timed out retrying: Expected to find element: '#generate-board', but never found it.",
                "estack": "CypressError: Timed out retrying: Expected to find element: '#generate-board', but never found it.\n    at cypressErr (http://localhost:40727/__cypress/runner/cypress_runner.js:149934:9)\n    at throwErr (http://localhost:40727/__cypress/runner/cypress_runner.js:149867:11)\n    at Object.throwErrByPath (http://localhost:40727/__cypress/runner/cypress_runner.js:149915:3)\n    at retry (http://localhost:40727/__cypress/runner/cypress_runner.js:144197:19)\n    at onFailFn (http://localhost:40727/__cypress/runner/cypress_runner.js:132448:16)\n    at tryCatcher (http://localhost:40727/__cypress/runner/cypress_runner.js:167415:23)\n    at Promise._settlePromiseFromHandler (http://localhost:40727/__cypress/runner/cypress_runner.js:165351:31)\n    at Promise._settlePromise (http://localhost:40727/__cypress/runner/cypress_runner.js:165408:18)\n    at Promise._settlePromise0 (http://localhost:40727/__cypress/runner/cypress_runner.js:165453:10)\n    at Promise._settlePromises (http://localhost:40727/__cypress/runner/cypress_runner.js:165528:18)\n    at Async../node_modules/bluebird/js/release/async.js.Async._drainQueue (http://localhost:40727/__cypress/runner/cypress_runner.js:162140:16)\n    at Async../node_modules/bluebird/js/release/async.js.Async._drainQueues (http://localhost:40727/__cypress/runner/cypress_runner.js:162150:10)\n    at Async.drainQueues (http://localhost:40727/__cypress/runner/cypress_runner.js:162024:14)",
                "diff": null
              },
              "uuid": "5efaf984-cbac-4adb-9282-1d9eca91f7ca",
              "parentUUID": "1e48f059-b0e8-486f-8997-e0c9345eff76",
              "isHook": false,
              "skipped": false
            },
            {
              "title": "Verifica se ao clicar no botão com um valor preenchido, o tamanho do board muda.",
              "fullTitle": "10 - Faça o quadro de pixels ter seu tamanho definido pelo usuário. Verifica se ao clicar no botão com um valor preenchido, o tamanho do board muda.",
              "timedOut": null,
              "duration": 4497,
              "state": "failed",
              "speed": null,
              "pass": false,
              "fail": true,
              "pending": false,
              "context": null,
              "code": "cy.get('#board-size').clear().type(10);\ncy.get('#generate-board').click();\ncy.get('.pixel').should('have.length', 100);",
              "err": {
                "message": "CypressError: Timed out retrying: Expected to find element: '#board-size', but never found it.",
                "estack": "CypressError: Timed out retrying: Expected to find element: '#board-size', but never found it.\n    at cypressErr (http://localhost:40727/__cypress/runner/cypress_runner.js:149934:9)\n    at throwErr (http://localhost:40727/__cypress/runner/cypress_runner.js:149867:11)\n    at Object.throwErrByPath (http://localhost:40727/__cypress/runner/cypress_runner.js:149915:3)\n    at retry (http://localhost:40727/__cypress/runner/cypress_runner.js:144197:19)\n    at onFailFn (http://localhost:40727/__cypress/runner/cypress_runner.js:132448:16)\n    at tryCatcher (http://localhost:40727/__cypress/runner/cypress_runner.js:167415:23)\n    at Promise._settlePromiseFromHandler (http://localhost:40727/__cypress/runner/cypress_runner.js:165351:31)\n    at Promise._settlePromise (http://localhost:40727/__cypress/runner/cypress_runner.js:165408:18)\n    at Promise._settlePromise0 (http://localhost:40727/__cypress/runner/cypress_runner.js:165453:10)\n    at Promise._settlePromises (http://localhost:40727/__cypress/runner/cypress_runner.js:165528:18)\n    at Async../node_modules/bluebird/js/release/async.js.Async._drainQueue (http://localhost:40727/__cypress/runner/cypress_runner.js:162140:16)\n    at Async../node_modules/bluebird/js/release/async.js.Async._drainQueues (http://localhost:40727/__cypress/runner/cypress_runner.js:162150:10)\n    at Async.drainQueues (http://localhost:40727/__cypress/runner/cypress_runner.js:162024:14)",
                "diff": null
              },
              "uuid": "dfb38c52-f35c-40f1-812e-f563ee48ddb5",
              "parentUUID": "1e48f059-b0e8-486f-8997-e0c9345eff76",
              "isHook": false,
              "skipped": false
            },
            {
              "title": "Verifica se o novo quadro tem todos os pixels preenchidos com a cor branca",
              "fullTitle": "10 - Faça o quadro de pixels ter seu tamanho definido pelo usuário. Verifica se o novo quadro tem todos os pixels preenchidos com a cor branca",
              "timedOut": null,
              "duration": 4461,
              "state": "failed",
              "speed": null,
              "pass": false,
              "fail": true,
              "pending": false,
              "context": null,
              "code": "cy.get('#board-size').clear().type(6);\ncy.get('#generate-board').click();\ncy.get('.pixel').should('have.length', 36).each(function (pixel) {\n  expect(pixel).to.have.css('background-color', WHITE);\n});",
              "err": {
                "message": "CypressError: Timed out retrying: Expected to find element: '#board-size', but never found it.",
                "estack": "CypressError: Timed out retrying: Expected to find element: '#board-size', but never found it.\n    at cypressErr (http://localhost:40727/__cypress/runner/cypress_runner.js:149934:9)\n    at throwErr (http://localhost:40727/__cypress/runner/cypress_runner.js:149867:11)\n    at Object.throwErrByPath (http://localhost:40727/__cypress/runner/cypress_runner.js:149915:3)\n    at retry (http://localhost:40727/__cypress/runner/cypress_runner.js:144197:19)\n    at onFailFn (http://localhost:40727/__cypress/runner/cypress_runner.js:132448:16)\n    at tryCatcher (http://localhost:40727/__cypress/runner/cypress_runner.js:167415:23)\n    at Promise._settlePromiseFromHandler (http://localhost:40727/__cypress/runner/cypress_runner.js:165351:31)\n    at Promise._settlePromise (http://localhost:40727/__cypress/runner/cypress_runner.js:165408:18)\n    at Promise._settlePromise0 (http://localhost:40727/__cypress/runner/cypress_runner.js:165453:10)\n    at Promise._settlePromises (http://localhost:40727/__cypress/runner/cypress_runner.js:165528:18)\n    at Async../node_modules/bluebird/js/release/async.js.Async._drainQueue (http://localhost:40727/__cypress/runner/cypress_runner.js:162140:16)\n    at Async../node_modules/bluebird/js/release/async.js.Async._drainQueues (http://localhost:40727/__cypress/runner/cypress_runner.js:162150:10)\n    at Async.drainQueues (http://localhost:40727/__cypress/runner/cypress_runner.js:162024:14)",
                "diff": null
              },
              "uuid": "3d33355a-6908-4a60-a747-8ecc340e4ff6",
              "parentUUID": "1e48f059-b0e8-486f-8997-e0c9345eff76",
              "isHook": false,
              "skipped": false
            }
          ],
          "suites": [],
          "passes": [],
          "failures": [
            "a711fea7-91af-43e4-9b39-adbe3bad2156",
            "84334021-e4f8-4645-b357-b01aa9521e6e",
            "72909097-eed9-4c62-ac97-53e92385bbb0",
            "34d83544-f6b8-45df-b2f7-7207ee219495",
            "6f4ffdc5-4d23-4228-9111-894a53fe13b6",
            "a465de08-b894-485b-91b3-38d93439c5b5",
            "5efaf984-cbac-4adb-9282-1d9eca91f7ca",
            "dfb38c52-f35c-40f1-812e-f563ee48ddb5",
            "3d33355a-6908-4a60-a747-8ecc340e4ff6"
          ],
          "pending": [],
          "skipped": [],
          "duration": 40362,
          "root": false,
          "rootEmpty": false,
          "_timeout": 2000
        },
        {
          "uuid": "3aeeb9b7-b2dc-4c2c-a167-7aa9bfe09c85",
          "title": "11 - Limite o tamanho mínimo e máximo do board.",
          "fullFile": "",
          "file": "",
          "beforeHooks": [],
          "afterHooks": [],
          "tests": [
            {
              "title": "Verifica se a altura máxima do board é 50",
              "fullTitle": "11 - Limite o tamanho mínimo e máximo do board. Verifica se a altura máxima do board é 50",
              "timedOut": null,
              "duration": 4480,
              "state": "failed",
              "speed": null,
              "pass": false,
              "fail": true,
              "pending": false,
              "context": null,
              "code": "cy.get('#board-size').clear().type(50);\ncy.get('#generate-board').click();\ncy.get('.pixel').should('have.length', 2500);",
              "err": {
                "message": "CypressError: Timed out retrying: Expected to find element: '#board-size', but never found it.",
                "estack": "CypressError: Timed out retrying: Expected to find element: '#board-size', but never found it.\n    at cypressErr (http://localhost:40727/__cypress/runner/cypress_runner.js:149934:9)\n    at throwErr (http://localhost:40727/__cypress/runner/cypress_runner.js:149867:11)\n    at Object.throwErrByPath (http://localhost:40727/__cypress/runner/cypress_runner.js:149915:3)\n    at retry (http://localhost:40727/__cypress/runner/cypress_runner.js:144197:19)\n    at onFailFn (http://localhost:40727/__cypress/runner/cypress_runner.js:132448:16)\n    at tryCatcher (http://localhost:40727/__cypress/runner/cypress_runner.js:167415:23)\n    at Promise._settlePromiseFromHandler (http://localhost:40727/__cypress/runner/cypress_runner.js:165351:31)\n    at Promise._settlePromise (http://localhost:40727/__cypress/runner/cypress_runner.js:165408:18)\n    at Promise._settlePromise0 (http://localhost:40727/__cypress/runner/cypress_runner.js:165453:10)\n    at Promise._settlePromises (http://localhost:40727/__cypress/runner/cypress_runner.js:165528:18)\n    at Async../node_modules/bluebird/js/release/async.js.Async._drainQueue (http://localhost:40727/__cypress/runner/cypress_runner.js:162140:16)\n    at Async../node_modules/bluebird/js/release/async.js.Async._drainQueues (http://localhost:40727/__cypress/runner/cypress_runner.js:162150:10)\n    at Async.drainQueues (http://localhost:40727/__cypress/runner/cypress_runner.js:162024:14)",
                "diff": null
              },
              "uuid": "90fe493a-8ad0-465c-a48c-6c2d9f23a62b",
              "parentUUID": "3aeeb9b7-b2dc-4c2c-a167-7aa9bfe09c85",
              "isHook": false,
              "skipped": false
            },
            {
              "title": "Verifica se a altura do board é 5 quando um valor menor é colocado no input",
              "fullTitle": "11 - Limite o tamanho mínimo e máximo do board. Verifica se a altura do board é 5 quando um valor menor é colocado no input",
              "timedOut": null,
              "duration": 4517,
              "state": "failed",
              "speed": null,
              "pass": false,
              "fail": true,
              "pending": false,
              "context": null,
              "code": "cy.get('#board-size').clear().type(4);\ncy.get('#generate-board').click();\ncy.get('.pixel').should('have.length', 25);",
              "err": {
                "message": "CypressError: Timed out retrying: Expected to find element: '#board-size', but never found it.",
                "estack": "CypressError: Timed out retrying: Expected to find element: '#board-size', but never found it.\n    at cypressErr (http://localhost:40727/__cypress/runner/cypress_runner.js:149934:9)\n    at throwErr (http://localhost:40727/__cypress/runner/cypress_runner.js:149867:11)\n    at Object.throwErrByPath (http://localhost:40727/__cypress/runner/cypress_runner.js:149915:3)\n    at retry (http://localhost:40727/__cypress/runner/cypress_runner.js:144197:19)\n    at onFailFn (http://localhost:40727/__cypress/runner/cypress_runner.js:132448:16)\n    at tryCatcher (http://localhost:40727/__cypress/runner/cypress_runner.js:167415:23)\n    at Promise._settlePromiseFromHandler (http://localhost:40727/__cypress/runner/cypress_runner.js:165351:31)\n    at Promise._settlePromise (http://localhost:40727/__cypress/runner/cypress_runner.js:165408:18)\n    at Promise._settlePromise0 (http://localhost:40727/__cypress/runner/cypress_runner.js:165453:10)\n    at Promise._settlePromises (http://localhost:40727/__cypress/runner/cypress_runner.js:165528:18)\n    at Async../node_modules/bluebird/js/release/async.js.Async._drainQueue (http://localhost:40727/__cypress/runner/cypress_runner.js:162140:16)\n    at Async../node_modules/bluebird/js/release/async.js.Async._drainQueues (http://localhost:40727/__cypress/runner/cypress_runner.js:162150:10)\n    at Async.drainQueues (http://localhost:40727/__cypress/runner/cypress_runner.js:162024:14)",
                "diff": null
              },
              "uuid": "d18f80e5-d88a-4603-8fe2-6499d8791145",
              "parentUUID": "3aeeb9b7-b2dc-4c2c-a167-7aa9bfe09c85",
              "isHook": false,
              "skipped": false
            },
            {
              "title": "Verifica se a altura do board é 50 quando um valor maior é colocado no input",
              "fullTitle": "11 - Limite o tamanho mínimo e máximo do board. Verifica se a altura do board é 50 quando um valor maior é colocado no input",
              "timedOut": null,
              "duration": 4440,
              "state": "failed",
              "speed": null,
              "pass": false,
              "fail": true,
              "pending": false,
              "context": null,
              "code": "cy.get('#board-size').clear().type(51);\ncy.get('#generate-board').click();\ncy.get('.pixel').should('have.length', 2500);",
              "err": {
                "message": "CypressError: Timed out retrying: Expected to find element: '#board-size', but never found it.",
                "estack": "CypressError: Timed out retrying: Expected to find element: '#board-size', but never found it.\n    at cypressErr (http://localhost:40727/__cypress/runner/cypress_runner.js:149934:9)\n    at throwErr (http://localhost:40727/__cypress/runner/cypress_runner.js:149867:11)\n    at Object.throwErrByPath (http://localhost:40727/__cypress/runner/cypress_runner.js:149915:3)\n    at retry (http://localhost:40727/__cypress/runner/cypress_runner.js:144197:19)\n    at onFailFn (http://localhost:40727/__cypress/runner/cypress_runner.js:132448:16)\n    at tryCatcher (http://localhost:40727/__cypress/runner/cypress_runner.js:167415:23)\n    at Promise._settlePromiseFromHandler (http://localhost:40727/__cypress/runner/cypress_runner.js:165351:31)\n    at Promise._settlePromise (http://localhost:40727/__cypress/runner/cypress_runner.js:165408:18)\n    at Promise._settlePromise0 (http://localhost:40727/__cypress/runner/cypress_runner.js:165453:10)\n    at Promise._settlePromises (http://localhost:40727/__cypress/runner/cypress_runner.js:165528:18)\n    at Async../node_modules/bluebird/js/release/async.js.Async._drainQueue (http://localhost:40727/__cypress/runner/cypress_runner.js:162140:16)\n    at Async../node_modules/bluebird/js/release/async.js.Async._drainQueues (http://localhost:40727/__cypress/runner/cypress_runner.js:162150:10)\n    at Async.drainQueues (http://localhost:40727/__cypress/runner/cypress_runner.js:162024:14)",
                "diff": null
              },
              "uuid": "693546dc-1de0-415e-98f3-f32198f84704",
              "parentUUID": "3aeeb9b7-b2dc-4c2c-a167-7aa9bfe09c85",
              "isHook": false,
              "skipped": false
            }
          ],
          "suites": [],
          "passes": [],
          "failures": [
            "90fe493a-8ad0-465c-a48c-6c2d9f23a62b",
            "d18f80e5-d88a-4603-8fe2-6499d8791145",
            "693546dc-1de0-415e-98f3-f32198f84704"
          ],
          "pending": [],
          "skipped": [],
          "duration": 13437,
          "root": false,
          "rootEmpty": false,
          "_timeout": 2000
        },
        {
          "uuid": "8a19ca02-5e8a-455b-9c18-1bc237e9b60c",
          "title": "12 - Faça com que as cores da paleta sejam geradas aleatoriamente ao carregar a página.",
          "fullFile": "",
          "file": "",
          "beforeHooks": [],
          "afterHooks": [],
          "tests": [
            {
              "title": "Verifica se as cores geradas na paleta são diferentes a cada carregamento da página",
              "fullTitle": "12 - Faça com que as cores da paleta sejam geradas aleatoriamente ao carregar a página. Verifica se as cores geradas na paleta são diferentes a cada carregamento da página",
              "timedOut": null,
              "duration": 495,
              "state": "failed",
              "speed": null,
              "pass": false,
              "fail": true,
              "pending": false,
              "context": null,
              "code": "cy.get('.color').then(function (colors) {\n  var currentColors;\n  var previousColors;\n  previousColors = Array.from(colors).map(function (color) {\n    return Cypress.$(color).css('background-color');\n  });\n  for (var i = 0; i < 5; i += 1) {\n    cy.reload();\n    cy.get('.color').then(function (colors) {\n      currentColors = Array.from(colors).map(function (color) {\n        return Cypress.$(color).css('background-color');\n      });\n      expect(currentColors).not.to.deep.equal(previousColors);\n      previousColors = currentColors;\n    });\n  }\n});",
              "err": {
                "message": "AssertionError: expected [ Array(4) ] to not deeply equal [ Array(4) ]",
                "estack": "AssertionError: expected [ Array(4) ] to not deeply equal [ Array(4) ]\n    at getRet (http://localhost:40727/__cypress/runner/cypress_runner.js:136585:16)\n    at tryCatcher (http://localhost:40727/__cypress/runner/cypress_runner.js:167415:23)\n    at Function.Promise.attempt.Promise.try (http://localhost:40727/__cypress/runner/cypress_runner.js:164690:29)\n    at Context.thenFn (http://localhost:40727/__cypress/runner/cypress_runner.js:136599:23)\n    at Context.then (http://localhost:40727/__cypress/runner/cypress_runner.js:136971:21)\n    at Context.<anonymous> (http://localhost:40727/__cypress/runner/cypress_runner.js:148875:21)\n    at http://localhost:40727/__cypress/runner/cypress_runner.js:148351:33\n    at tryCatcher (http://localhost:40727/__cypress/runner/cypress_runner.js:167415:23)\n    at Promise._settlePromiseFromHandler (http://localhost:40727/__cypress/runner/cypress_runner.js:165351:31)\n    at Promise._settlePromise (http://localhost:40727/__cypress/runner/cypress_runner.js:165408:18)\n    at Promise._settlePromiseCtx (http://localhost:40727/__cypress/runner/cypress_runner.js:165445:10)\n    at Async../node_modules/bluebird/js/release/async.js.Async._drainQueue (http://localhost:40727/__cypress/runner/cypress_runner.js:162145:12)\n    at Async../node_modules/bluebird/js/release/async.js.Async._drainQueues (http://localhost:40727/__cypress/runner/cypress_runner.js:162150:10)\n    at Async.drainQueues (http://localhost:40727/__cypress/runner/cypress_runner.js:162024:14)",
                "diff": ""
              },
              "uuid": "911d70c9-9469-4c01-b75c-6269de8f576e",
              "parentUUID": "8a19ca02-5e8a-455b-9c18-1bc237e9b60c",
              "isHook": false,
              "skipped": false
            },
            {
              "title": "Verifica se a cor preta ainda está presente e é a primeira na sua paleta de cores",
              "fullTitle": "12 - Faça com que as cores da paleta sejam geradas aleatoriamente ao carregar a página. Verifica se a cor preta ainda está presente e é a primeira na sua paleta de cores",
              "timedOut": null,
              "duration": 447,
              "state": "failed",
              "speed": null,
              "pass": false,
              "fail": true,
              "pending": false,
              "context": null,
              "code": "cy.get('.color').then(function (colors) {\n  var currentColors;\n  var previousColors;\n  previousColors = Array.from(colors).map(function (color) {\n    return Cypress.$(color).css('background-color');\n  });\n  expect(previousColors[0]).to.eq(BLACK);\n  for (var i = 0; i < 5; i += 1) {\n    cy.reload();\n    cy.get('.color').then(function (colors) {\n      currentColors = Array.from(colors).map(function (color) {\n        return Cypress.$(color).css('background-color');\n      });\n      expect(currentColors[0]).to.eq(BLACK);\n      expect(currentColors).not.to.deep.equal(previousColors);\n      previousColors = currentColors;\n    });\n  }\n});",
              "err": {
                "message": "AssertionError: expected [ Array(4) ] to not deeply equal [ Array(4) ]",
                "estack": "AssertionError: expected [ Array(4) ] to not deeply equal [ Array(4) ]\n    at getRet (http://localhost:40727/__cypress/runner/cypress_runner.js:136585:16)\n    at tryCatcher (http://localhost:40727/__cypress/runner/cypress_runner.js:167415:23)\n    at Function.Promise.attempt.Promise.try (http://localhost:40727/__cypress/runner/cypress_runner.js:164690:29)\n    at Context.thenFn (http://localhost:40727/__cypress/runner/cypress_runner.js:136599:23)\n    at Context.then (http://localhost:40727/__cypress/runner/cypress_runner.js:136971:21)\n    at Context.<anonymous> (http://localhost:40727/__cypress/runner/cypress_runner.js:148875:21)\n    at http://localhost:40727/__cypress/runner/cypress_runner.js:148351:33\n    at tryCatcher (http://localhost:40727/__cypress/runner/cypress_runner.js:167415:23)\n    at Promise._settlePromiseFromHandler (http://localhost:40727/__cypress/runner/cypress_runner.js:165351:31)\n    at Promise._settlePromise (http://localhost:40727/__cypress/runner/cypress_runner.js:165408:18)\n    at Promise._settlePromiseCtx (http://localhost:40727/__cypress/runner/cypress_runner.js:165445:10)\n    at Async../node_modules/bluebird/js/release/async.js.Async._drainQueue (http://localhost:40727/__cypress/runner/cypress_runner.js:162145:12)\n    at Async../node_modules/bluebird/js/release/async.js.Async._drainQueues (http://localhost:40727/__cypress/runner/cypress_runner.js:162150:10)\n    at Async.drainQueues (http://localhost:40727/__cypress/runner/cypress_runner.js:162024:14)",
                "diff": ""
              },
              "uuid": "754e0736-a26e-4945-ae18-8b393bd9bf98",
              "parentUUID": "8a19ca02-5e8a-455b-9c18-1bc237e9b60c",
              "isHook": false,
              "skipped": false
            }
          ],
          "suites": [],
          "passes": [],
          "failures": [
            "911d70c9-9469-4c01-b75c-6269de8f576e",
            "754e0736-a26e-4945-ae18-8b393bd9bf98"
          ],
          "pending": [],
          "skipped": [],
          "duration": 942,
          "root": false,
          "rootEmpty": false,
          "_timeout": 2000
        }
      ],
      "passes": [],
      "failures": [],
      "pending": [],
      "skipped": [],
      "duration": 0,
      "root": true,
      "rootEmpty": true,
      "_timeout": 2000
    }
  ],
  "meta": {
    "mocha": {
      "version": "7.0.1"
    },
    "mochawesome": {
      "options": {
        "quiet": false,
        "reportFilename": "mochawesome",
        "saveHtml": false,
        "saveJson": true,
        "consoleReporter": "spec",
        "useInlineDiffs": false
      },
      "version": "4.1.0"
    },
    "marge": {
      "options": {
        "id": "default",
        "reportDir": "cypress/reports",
        "overwrite": true,
        "html": false,
        "json": true
      },
      "version": "4.1.0"
    }
  }
}